<?xml version="1.0" encoding="UTF-8"?>
<!-- Generated by org.testng.reporters.JUnitXMLReporter -->
<testsuite ignored="0" hostname="salimsouidi" failures="0" tests="4" name="Default test" time="77.545" errors="0" timestamp="2024-03-17T01:27:40 GMT+01:00">
  <testcase classname="storeShopTest.ShopStoreApp" name="LoginStoreTest" time="25.254"/>
  <testcase classname="storeShopTest.ShopStoreApp" name="addItemToCartTest" time="4.082"/>
  <testcase classname="storeShopTest.ShopStoreApp" name="scrollToItemTest" time="11.495"/>
  <testcase classname="storeShopTest.ShopStoreApp" name="CartProductListTest" time="12.622"/>
</testsuite> <!-- Default test -->
