<?xml version="1.0" encoding="UTF-8"?>
<!-- Generated by org.testng.reporters.JUnitXMLReporter -->
<testsuite ignored="0" hostname="salimsouidi" failures="0" tests="4" name="Default test" time="42.906" errors="0" timestamp="2024-03-15T02:03:56 GMT+01:00">
  <testcase classname="storeApp.ShopStoreApp" name="LoginStoreTest" time="7.645"/>
  <testcase classname="storeApp.ShopStoreApp" name="addItemToCart" time="3.466"/>
  <testcase classname="storeApp.ShopStoreApp" name="scrollToItemTest" time="10.452"/>
  <testcase classname="storeApp.ShopStoreApp" name="CartProductList" time="12.188"/>
</testsuite> <!-- Default test -->
