<?xml version="1.0" encoding="UTF-8"?>
<!-- Generated by org.testng.reporters.JUnitXMLReporter -->
<testsuite ignored="0" hostname="salimsouidi" failures="0" tests="4" name="Test" time="58.871" errors="0" timestamp="2024-03-15T15:09:23 GMT+01:00">
  <testcase classname="storeApp.ShopStoreApp" name="LoginStoreTest" time="9.147"/>
  <testcase classname="storeApp.ShopStoreApp" name="addItemToCart" time="4.847"/>
  <testcase classname="storeApp.ShopStoreApp" name="scrollToItemTest" time="12.252"/>
  <testcase classname="storeApp.ShopStoreApp" name="CartProductList" time="12.663"/>
</testsuite> <!-- Test -->
