<?xml version="1.0" encoding="UTF-8"?>
<!-- Generated by org.testng.reporters.JUnitXMLReporter -->
<testsuite ignored="0" hostname="salimsouidi" failures="0" tests="4" name="Test" time="56.459" errors="0" timestamp="2024-03-16T13:54:10 GMT+01:00">
  <testcase classname="storeApp.ShopStoreApp" name="LoginStoreTest" time="9.022"/>
  <testcase classname="storeApp.ShopStoreApp" name="addItemToCartTest" time="4.553"/>
  <testcase classname="storeApp.ShopStoreApp" name="scrollToItemTest" time="11.958"/>
  <testcase classname="storeApp.ShopStoreApp" name="CartProductListTest" time="12.783"/>
</testsuite> <!-- Test -->
