<?xml version="1.0" encoding="UTF-8"?>
<testng-results ignored="0" total="4" passed="4" failed="0" skipped="0">
  <reporter-output>
  </reporter-output>
  <suite started-at="2024-03-16T13:53:13 GMT+01:00" name="Suite" finished-at="2024-03-16T13:54:10 GMT+01:00" duration-ms="56459">
    <groups>
    </groups>
    <test started-at="2024-03-16T13:53:13 GMT+01:00" name="Test" finished-at="2024-03-16T13:54:10 GMT+01:00" duration-ms="56459">
      <class name="storeApp.ShopStoreApp">
        <test-method is-config="true" signature="startAppiumServer()[pri:0, instance:storeApp.ShopStoreApp@794cb805]" started-at="2024-03-16T13:53:13 GMT+01:00" name="startAppiumServer" description="Starts the Appium server automatically and initializes the Android driver for testing" finished-at="2024-03-16T13:53:31 GMT+01:00" duration-ms="17406" status="PASS">
          <reporter-output>
          </reporter-output>
        </test-method> <!-- startAppiumServer -->
        <test-method signature="LoginStoreTest()[pri:1, instance:storeApp.ShopStoreApp@794cb805]" started-at="2024-03-16T13:53:31 GMT+01:00" name="LoginStoreTest" finished-at="2024-03-16T13:53:40 GMT+01:00" duration-ms="9022" status="PASS">
          <reporter-output>
          </reporter-output>
        </test-method> <!-- LoginStoreTest -->
        <test-method signature="addItemToCartTest()[pri:2, instance:storeApp.ShopStoreApp@794cb805]" started-at="2024-03-16T13:53:40 GMT+01:00" name="addItemToCartTest" description="Add items to the shopping cart and verify successful addition" finished-at="2024-03-16T13:53:44 GMT+01:00" duration-ms="4553" status="PASS">
          <reporter-output>
          </reporter-output>
        </test-method> <!-- addItemToCartTest -->
        <test-method signature="scrollToItemTest()[pri:3, instance:storeApp.ShopStoreApp@794cb805]" started-at="2024-03-16T13:53:44 GMT+01:00" name="scrollToItemTest" description="Scroll to the item with specific text and select it" finished-at="2024-03-16T13:53:56 GMT+01:00" duration-ms="11958" status="PASS">
          <reporter-output>
          </reporter-output>
        </test-method> <!-- scrollToItemTest -->
        <test-method signature="CartProductListTest()[pri:4, instance:storeApp.ShopStoreApp@794cb805]" started-at="2024-03-16T13:53:56 GMT+01:00" name="CartProductListTest" description="Count the number of items in the cart" finished-at="2024-03-16T13:54:09 GMT+01:00" duration-ms="12783" status="PASS">
          <reporter-output>
          </reporter-output>
        </test-method> <!-- CartProductListTest -->
        <test-method is-config="true" signature="tearDown()[pri:0, instance:storeApp.ShopStoreApp@794cb805]" started-at="2024-03-16T13:54:09 GMT+01:00" name="tearDown" finished-at="2024-03-16T13:54:10 GMT+01:00" duration-ms="677" status="PASS">
          <reporter-output>
          </reporter-output>
        </test-method> <!-- tearDown -->
      </class> <!-- storeApp.ShopStoreApp -->
    </test> <!-- Test -->
  </suite> <!-- Suite -->
</testng-results>
