<?xml version="1.0" encoding="UTF-8"?>
<testsuite xmlns:xsi="http://www.w3.org/2001/XMLSchema-instance" xsi:noNamespaceSchemaLocation="https://maven.apache.org/surefire/maven-surefire-plugin/xsd/surefire-test-report-3.0.xsd" version="3.0" name="TestSuite" time="59.617" tests="4" errors="0" skipped="0" failures="0">
  <properties>
[...]
</properties>
  <testcase name="LoginStoreTest" classname="storeApp.ShopStoreApp" time="9.141">
    <system-out><![CDATA[WARN Appium Appium encountered 1 warning while validating drivers found in manifest C:\Users\TOPINFORMATIQUE\.appium\node_modules\.cache\appium\extensions.yaml
WARN Appium Driver "uiautomator2" has 1 potential problem: 
WARN Appium   - Driver "uiautomator2" (package `appium-uiautomator2-driver`) may be incompatible with the current version of Appium (v2.0.1) due to its peer dependency on older Appium v^2.4.1. Please ask the developer of `appium-uiautomator2-driver` to update the peer dependency on Appium to v2.0.1.
&amp#27;[35m[Appium]&amp#27;[39m Welcome to Appium v2.0.1
&amp#27;[35m[Appium]&amp#27;[39m Non-default server args:
&amp#27;[35m[Appium]&amp#27;[39m { address: &amp#27;[32m'127.0.0.1'&amp#27;[39m }
&amp#27;[35m[Appium]&amp#27;[39m Attempting to load driver uiautomator2...
[debug] &amp#27;[35m[Appium]&amp#27;[39m Requiring driver at C:\Users\TOPINFORMATIQUE\.appium\node_modules\appium-uiautomator2-driver
&amp#27;[35m[Appium]&amp#27;[39m Appium REST http interface listener started on http://127.0.0.1:4723
&amp#27;[35m[Appium]&amp#27;[39m Available drivers:
&amp#27;[35m[Appium]&amp#27;[39m   - uiautomator2@3.0.2 (automationName 'UiAutomator2')
&amp#27;[35m[Appium]&amp#27;[39m No plugins have been installed. Use the "appium plugin" command to install the one(s) you want to use.
&amp#27;[38;5;0m[HTTP]&amp#27;[0m &amp#27;[37m-->&amp#27;[39m &amp#27;[37mGET&amp#27;[39m &amp#27;[37m/status&amp#27;[39m
&amp#27;[38;5;0m[HTTP]&amp#27;[0m &amp#27;[90m{}&amp#27;[39m
[debug] &amp#27;[38;5;16m[AppiumDriver@9e2d]&amp#27;[0m Calling AppiumDriver.getStatus() with args: []
[debug] &amp#27;[38;5;16m[AppiumDriver@9e2d]&amp#27;[0m Responding to client with driver.getStatus() result: {"build":{"version":"2.0.1"}}
&amp#27;[38;5;0m[HTTP]&amp#27;[0m &amp#27;[37m<-- GET /status &amp#27;[39m&amp#27;[32m200&amp#27;[39m &amp#27;[90m18 ms - 39&amp#27;[39m
Appium server started successfully.
&amp#27;[38;5;0m[HTTP]&amp#27;[0m &amp#27;[90m&amp#27;[39m
[debug] &amp#27;[38;5;0m[HTTP]&amp#27;[0m Request idempotency key: 09eeb1b4-768e-49df-ac9d-3c22b9c78e1d
&amp#27;[38;5;0m[HTTP]&amp#27;[0m &amp#27;[37m-->&amp#27;[39m &amp#27;[37mPOST&amp#27;[39m &amp#27;[37m/session&amp#27;[39m
&amp#27;[38;5;0m[HTTP]&amp#27;[0m &amp#27;[90m{"capabilities":{"firstMatch":[{}],"alwaysMatch":{"appium:app":"C:\\Users\\TOPINFORMATIQUE\\eclipse-workspace\\AppiumTests\\src\\test\\resources\\General-Store.apk","platformName":"ANDROID","appium:automationName":"UIAutomator2","appium:deviceName":"DemoDevice"}}}&amp#27;[39m
[debug] &amp#27;[38;5;16m[AppiumDriver@9e2d]&amp#27;[0m Calling AppiumDriver.createSession() with args: [null,null,{"firstMatch":[{}],"alwaysMatch":{"appium:app":"C:\\Users\\TOPINFORMATIQUE\\eclipse-workspace\\AppiumTests\\src\\test\\resources\\General-Store.apk","platformName":"ANDROID","appium:automationName":"UIAutomator2","appium:deviceName":"DemoDevice"}}]
[debug] &amp#27;[38;5;16m[AppiumDriver@9e2d]&amp#27;[0m Event 'newSessionRequested' logged at 1710511713792 (15:08:33 GMT+0100 (UTC+01:00))
&amp#27;[35m[Appium]&amp#27;[39m Attempting to find matching driver for automationName 'UIAutomator2' and platformName 'ANDROID'
&amp#27;[35m[Appium]&amp#27;[39m The 'uiautomator2' driver was installed and matched caps.
&amp#27;[35m[Appium]&amp#27;[39m Will require it at C:\Users\TOPINFORMATIQUE\.appium\node_modules\appium-uiautomator2-driver
[debug] &amp#27;[35m[Appium]&amp#27;[39m Requiring driver at C:\Users\TOPINFORMATIQUE\.appium\node_modules\appium-uiautomator2-driver
&amp#27;[38;5;16m[AppiumDriver@9e2d]&amp#27;[0m Appium v2.0.1 creating new AndroidUiautomator2Driver (v3.0.2) session
&amp#27;[38;5;16m[AppiumDriver@9e2d]&amp#27;[0m Checking BaseDriver versions for Appium and AndroidUiautomator2Driver
&amp#27;[38;5;16m[AppiumDriver@9e2d]&amp#27;[0m Appium's BaseDriver version is 9.5.2
&amp#27;[38;5;16m[AppiumDriver@9e2d]&amp#27;[0m AndroidUiautomator2Driver's BaseDriver version is 9.5.2
[debug] &amp#27;[38;5;32m[AndroidUiautomator2Driver@5b50]&amp#27;[0m Creating session with W3C capabilities: {
[debug] &amp#27;[38;5;32m[AndroidUiautomator2Driver@5b50]&amp#27;[0m   "alwaysMatch": {
[debug] &amp#27;[38;5;32m[AndroidUiautomator2Driver@5b50]&amp#27;[0m     "platformName": "ANDROID",
[debug] &amp#27;[38;5;32m[AndroidUiautomator2Driver@5b50]&amp#27;[0m     "appium:app": "C:\\Users\\TOPINFORMATIQUE\\eclipse-workspace\\AppiumTests\\src\\test\\resources\\General-Store.apk",
[debug] &amp#27;[38;5;32m[AndroidUiautomator2Driver@5b50]&amp#27;[0m     "appium:automationName": "UIAutomator2",
[debug] &amp#27;[38;5;32m[AndroidUiautomator2Driver@5b50]&amp#27;[0m     "appium:deviceName": "DemoDevice"
[debug] &amp#27;[38;5;32m[AndroidUiautomator2Driver@5b50]&amp#27;[0m   },
[debug] &amp#27;[38;5;32m[AndroidUiautomator2Driver@5b50]&amp#27;[0m   "firstMatch": [
[debug] &amp#27;[38;5;32m[AndroidUiautomator2Driver@5b50]&amp#27;[0m     {}
[debug] &amp#27;[38;5;32m[AndroidUiautomator2Driver@5b50]&amp#27;[0m   ]
[debug] &amp#27;[38;5;32m[AndroidUiautomator2Driver@5b50]&amp#27;[0m }
&amp#27;[38;5;32m[AndroidUiautomator2Driver@5b50 (bee3a0b8)]&amp#27;[0m Session created with session id: bee3a0b8-7433-4711-82cd-08ea2bd8fde8
&amp#27;[38;5;48m[ADB]&amp#27;[0m Found 2 'build-tools' folders under 'C:\Users\TOPINFORMATIQUE\AppData\Local\Android\Sdk' (newest first):
&amp#27;[38;5;48m[ADB]&amp#27;[0m     C:\Users\TOPINFORMATIQUE\AppData\Local\Android\Sdk\build-tools\35.0.0-rc1
&amp#27;[38;5;48m[ADB]&amp#27;[0m     C:\Users\TOPINFORMATIQUE\AppData\Local\Android\Sdk\build-tools\34.0.0
&amp#27;[38;5;48m[ADB]&amp#27;[0m Using 'adb.exe' from 'C:\Users\TOPINFORMATIQUE\AppData\Local\Android\Sdk\platform-tools\adb.exe'
[debug] &amp#27;[38;5;48m[ADB]&amp#27;[0m Running 'C:\Users\TOPINFORMATIQUE\AppData\Local\Android\Sdk\platform-tools\adb.exe -P 5037 start-server'
&amp#27;[38;5;32m[AndroidUiautomator2Driver@5b50 (bee3a0b8)]&amp#27;[0m Retrieving device list
[debug] &amp#27;[38;5;48m[ADB]&amp#27;[0m Trying to find connected Android devices
[debug] &amp#27;[38;5;48m[ADB]&amp#27;[0m Getting connected devices
[debug] &amp#27;[38;5;48m[ADB]&amp#27;[0m Connected devices: [{"udid":"emulator-5554","state":"device"}]
&amp#27;[38;5;32m[AndroidUiautomator2Driver@5b50 (bee3a0b8)]&amp#27;[0m Using device: emulator-5554
&amp#27;[38;5;48m[ADB]&amp#27;[0m Using 'adb.exe' from 'C:\Users\TOPINFORMATIQUE\AppData\Local\Android\Sdk\platform-tools\adb.exe'
[debug] &amp#27;[38;5;48m[ADB]&amp#27;[0m Running 'C:\Users\TOPINFORMATIQUE\AppData\Local\Android\Sdk\platform-tools\adb.exe -P 5037 start-server'
[debug] &amp#27;[38;5;48m[ADB]&amp#27;[0m Setting device id to emulator-5554
&amp#27;[38;5;64m[BaseDriver]&amp#27;[0m Using local app 'C:\Users\TOPINFORMATIQUE\eclipse-workspace\AppiumTests\src\test\resources\General-Store.apk'
[debug] &amp#27;[38;5;32m[AndroidUiautomator2Driver@5b50 (bee3a0b8)]&amp#27;[0m Checking whether app is actually present
[debug] &amp#27;[38;5;48m[ADB]&amp#27;[0m Running 'C:\Users\TOPINFORMATIQUE\AppData\Local\Android\Sdk\platform-tools\adb.exe -P 5037 -s emulator-5554 shell getprop ro.build.version.sdk'
[debug] &amp#27;[38;5;48m[ADB]&amp#27;[0m Current device property 'ro.build.version.sdk': 34
&amp#27;[38;5;48m[ADB]&amp#27;[0m Getting device platform version
[debug] &amp#27;[38;5;48m[ADB]&amp#27;[0m Running 'C:\Users\TOPINFORMATIQUE\AppData\Local\Android\Sdk\platform-tools\adb.exe -P 5037 -s emulator-5554 shell getprop ro.build.version.release'
[debug] &amp#27;[38;5;48m[ADB]&amp#27;[0m Current device property 'ro.build.version.release': 14
[debug] &amp#27;[38;5;48m[ADB]&amp#27;[0m Device API level: 34
&amp#27;[38;5;32m[AndroidUiautomator2Driver@5b50 (bee3a0b8)]&amp#27;[0m Relaxing hidden api policy
[debug] &amp#27;[38;5;48m[ADB]&amp#27;[0m Running 'C:\Users\TOPINFORMATIQUE\AppData\Local\Android\Sdk\platform-tools\adb.exe -P 5037 -s emulator-5554 shell 'settings put global hidden_api_policy_pre_p_apps 1;settings put global hidden_api_policy_p_apps 1;settings put global hidden_api_policy 1''
[debug] &amp#27;[38;5;32m[AndroidUiautomator2Driver@5b50 (bee3a0b8)]&amp#27;[0m Parsing package and activity from app manifest
[debug] &amp#27;[38;5;48m[ADB]&amp#27;[0m Running 'C:\Users\TOPINFORMATIQUE\AppData\Local\Android\Sdk\platform-tools\adb.exe -P 5037 -s emulator-5554 wait-for-device'
&amp#27;[38;5;48m[ADB]&amp#27;[0m Package name: 'com.androidsample.generalstore'
&amp#27;[38;5;48m[ADB]&amp#27;[0m Main activity name: 'com.androidsample.generalstore.SplashActivity'
[debug] &amp#27;[38;5;32m[AndroidUiautomator2Driver@5b50 (bee3a0b8)]&amp#27;[0m Parsed package and activity are: com.androidsample.generalstore/com.androidsample.generalstore.SplashActivity
[debug] &amp#27;[38;5;48m[ADB]&amp#27;[0m Running 'C:\Users\TOPINFORMATIQUE\AppData\Local\Android\Sdk\platform-tools\adb.exe -P 5037 -s emulator-5554 shell echo ping'
[debug] &amp#27;[38;5;32m[AndroidUiautomator2Driver@5b50 (bee3a0b8)]&amp#27;[0m Pushing settings apk to the device...
[debug] &amp#27;[38;5;48m[ADB]&amp#27;[0m Getting package info for 'io.appium.settings'
[debug] &amp#27;[38;5;48m[ADB]&amp#27;[0m Running 'C:\Users\TOPINFORMATIQUE\AppData\Local\Android\Sdk\platform-tools\adb.exe -P 5037 -s emulator-5554 shell dumpsys package io.appium.settings'
[debug] &amp#27;[38;5;48m[ADB]&amp#27;[0m The version name of the installed 'io.appium.settings' is greater or equal to the application version name ('5.7.6' >= '5.7.6')
[debug] &amp#27;[38;5;48m[ADB]&amp#27;[0m There is no need to install/upgrade 'C:\Users\TOPINFORMATIQUE\.appium\node_modules\appium-uiautomator2-driver\node_modules\io.appium.settings\apks\settings_apk-debug.apk'
[debug] &amp#27;[38;5;48m[ADB]&amp#27;[0m Running 'C:\Users\TOPINFORMATIQUE\AppData\Local\Android\Sdk\platform-tools\adb.exe -P 5037 -s emulator-5554 shell dumpsys activity services io.appium.settings'
[debug] &amp#27;[38;5;32m[AndroidUiautomator2Driver@5b50 (bee3a0b8)]&amp#27;[0m io.appium.settings is already running. There is no need to reset its permissions.
[debug] &amp#27;[38;5;80m[Logcat]&amp#27;[0m Starting logs capture with command: C:\\Users\\TOPINFORMATIQUE\\AppData\\Local\\Android\\Sdk\\platform-tools\\adb.exe -P 5037 -s emulator-5554 logcat -v threadtime
[debug] &amp#27;[38;5;32m[AndroidUiautomator2Driver@5b50 (bee3a0b8)]&amp#27;[0m Forwarding UiAutomator2 Server port 6790 to local port 8200
[debug] &amp#27;[38;5;48m[ADB]&amp#27;[0m Forwarding system: 8200 to device: 6790
[debug] &amp#27;[38;5;48m[ADB]&amp#27;[0m Running 'C:\Users\TOPINFORMATIQUE\AppData\Local\Android\Sdk\platform-tools\adb.exe -P 5037 -s emulator-5554 forward tcp:8200 tcp:6790'
[debug] &amp#27;[38;5;48m[ADB]&amp#27;[0m Checking app cert for C:\Users\TOPINFORMATIQUE\eclipse-workspace\AppiumTests\src\test\resources\General-Store.apk
[debug] &amp#27;[38;5;48m[ADB]&amp#27;[0m Checking app cert for C:\Users\TOPINFORMATIQUE\.appium\node_modules\appium-uiautomator2-driver\node_modules\appium-uiautomator2-server\apks\appium-uiautomator2-server-v7.0.3.apk
[debug] &amp#27;[38;5;48m[ADB]&amp#27;[0m Checking app cert for C:\Users\TOPINFORMATIQUE\.appium\node_modules\appium-uiautomator2-driver\node_modules\appium-uiautomator2-server\apks\appium-uiautomator2-server-debug-androidTest.apk
&amp#27;[38;5;48m[ADB]&amp#27;[0m Using 'apksigner.jar' from 'C:\Users\TOPINFORMATIQUE\AppData\Local\Android\Sdk\build-tools\35.0.0-rc1\lib\apksigner.jar'
[debug] &amp#27;[38;5;48m[ADB]&amp#27;[0m Starting apksigner: 'C:\\Program Files\\Java\\jdk-17\\bin\\java.exe' -Xmx1024M -Xss1m -jar C:\\Users\\TOPINFORMATIQUE\\AppData\\Local\\Android\\Sdk\\build-tools\\35.0.0-rc1\\lib\\apksigner.jar verify --print-certs C:\\Users\\TOPINFORMATIQUE\\.appium\\node_modules\\appium-uiautomator2-driver\\node_modules\\appium-uiautomator2-server\\apks\\appium-uiautomator2-server-debug-androidTest.apk
[debug] &amp#27;[38;5;48m[ADB]&amp#27;[0m Starting apksigner: 'C:\\Program Files\\Java\\jdk-17\\bin\\java.exe' -Xmx1024M -Xss1m -jar C:\\Users\\TOPINFORMATIQUE\\AppData\\Local\\Android\\Sdk\\build-tools\\35.0.0-rc1\\lib\\apksigner.jar verify --print-certs C:\\Users\\TOPINFORMATIQUE\\eclipse-workspace\\AppiumTests\\src\\test\\resources\\General-Store.apk
[debug] &amp#27;[38;5;48m[ADB]&amp#27;[0m Starting apksigner: 'C:\\Program Files\\Java\\jdk-17\\bin\\java.exe' -Xmx1024M -Xss1m -jar C:\\Users\\TOPINFORMATIQUE\\AppData\\Local\\Android\\Sdk\\build-tools\\35.0.0-rc1\\lib\\apksigner.jar verify --print-certs C:\\Users\\TOPINFORMATIQUE\\.appium\\node_modules\\appium-uiautomator2-driver\\node_modules\\appium-uiautomator2-server\\apks\\appium-uiautomator2-server-v7.0.3.apk
[debug] &amp#27;[38;5;48m[ADB]&amp#27;[0m apksigner stdout: Signer #1 certificate DN: EMAILADDRESS=android@android.com, CN=Android, OU=Android, O=Android, L=Mountain View, ST=California, C=US
[debug] &amp#27;[38;5;48m[ADB]&amp#27;[0m Signer #1 certificate SHA-256 digest: a40da80a59d170caa950cf15c18c454d47a39b26989d8b640ecd745ba71bf5dc
[debug] &amp#27;[38;5;48m[ADB]&amp#27;[0m Signer #1 certificate SHA-1 digest: 61ed377e85d386a8dfee6b864bd85b0bfaa5af81
[debug] &amp#27;[38;5;48m[ADB]&amp#27;[0m Signer #1 certificate MD5 digest: e89b158e4bcf988ebd09eb83f5378e87
[debug] &amp#27;[38;5;48m[ADB]&amp#27;[0m 
[debug] &amp#27;[38;5;48m[ADB]&amp#27;[0m sha256 hash did match for 'appium-uiautomator2-server-debug-androidTest.apk'
&amp#27;[38;5;48m[ADB]&amp#27;[0m 'C:\Users\TOPINFORMATIQUE\.appium\node_modules\appium-uiautomator2-driver\node_modules\appium-uiautomator2-server\apks\appium-uiautomator2-server-debug-androidTest.apk' is signed with the default certificate
[debug] &amp#27;[38;5;48m[ADB]&amp#27;[0m Getting install status for io.appium.uiautomator2.server.test
[debug] &amp#27;[38;5;48m[ADB]&amp#27;[0m Running 'C:\Users\TOPINFORMATIQUE\AppData\Local\Android\Sdk\platform-tools\adb.exe -P 5037 -s emulator-5554 shell pm path io.appium.uiautomator2.server.test'
[debug] &amp#27;[38;5;48m[ADB]&amp#27;[0m 'io.appium.uiautomator2.server.test' is installed
[debug] &amp#27;[38;5;48m[ADB]&amp#27;[0m apksigner stdout: Signer #1 certificate DN: C=US, O=Android, CN=Android Debug
[debug] &amp#27;[38;5;48m[ADB]&amp#27;[0m Signer #1 certificate SHA-256 digest: f5f5931c019be6bff8a26255f76ae9ef8a8e631d2a702ec10e91110231549eef
[debug] &amp#27;[38;5;48m[ADB]&amp#27;[0m Signer #1 certificate SHA-1 digest: b250161db8b5d0a1bd39154c9fd749bdad79c1a3
[debug] &amp#27;[38;5;48m[ADB]&amp#27;[0m Signer #1 certificate MD5 digest: 7a5550323d84472ca25a0861c63e0a6c
[debug] &amp#27;[38;5;48m[ADB]&amp#27;[0m 
&amp#27;[38;5;48m[ADB]&amp#27;[0m 'C:\Users\TOPINFORMATIQUE\eclipse-workspace\AppiumTests\src\test\resources\General-Store.apk' is signed with a non-default certificate
[debug] &amp#27;[38;5;48m[ADB]&amp#27;[0m Getting package info for 'com.androidsample.generalstore'
[debug] &amp#27;[38;5;48m[ADB]&amp#27;[0m Running 'C:\Users\TOPINFORMATIQUE\AppData\Local\Android\Sdk\platform-tools\adb.exe -P 5037 -s emulator-5554 shell dumpsys package com.androidsample.generalstore'
[debug] &amp#27;[38;5;48m[ADB]&amp#27;[0m The version name of the installed 'com.androidsample.generalstore' is greater or equal to the application version name ('1.0.0' >= '1.0.0')
[debug] &amp#27;[38;5;48m[ADB]&amp#27;[0m There is no need to install/upgrade 'C:\Users\TOPINFORMATIQUE\eclipse-workspace\AppiumTests\src\test\resources\General-Store.apk'
&amp#27;[38;5;32m[AndroidUiautomator2Driver@5b50 (bee3a0b8)]&amp#27;[0m Performing fast reset on 'com.androidsample.generalstore'
[debug] &amp#27;[38;5;48m[ADB]&amp#27;[0m Getting install status for com.androidsample.generalstore
[debug] &amp#27;[38;5;48m[ADB]&amp#27;[0m Running 'C:\Users\TOPINFORMATIQUE\AppData\Local\Android\Sdk\platform-tools\adb.exe -P 5037 -s emulator-5554 shell pm path com.androidsample.generalstore'
[debug] &amp#27;[38;5;48m[ADB]&amp#27;[0m 'com.androidsample.generalstore' is installed
[debug] &amp#27;[38;5;48m[ADB]&amp#27;[0m Running 'C:\Users\TOPINFORMATIQUE\AppData\Local\Android\Sdk\platform-tools\adb.exe -P 5037 -s emulator-5554 shell am force-stop com.androidsample.generalstore'
[debug] &amp#27;[38;5;48m[ADB]&amp#27;[0m Running 'C:\Users\TOPINFORMATIQUE\AppData\Local\Android\Sdk\platform-tools\adb.exe -P 5037 -s emulator-5554 shell pm clear com.androidsample.generalstore'
[debug] &amp#27;[38;5;32m[AndroidUiautomator2Driver@5b50 (bee3a0b8)]&amp#27;[0m Performed fast reset on the installed 'com.androidsample.generalstore' application (stop and clear)
[debug] &amp#27;[38;5;48m[ADB]&amp#27;[0m apksigner stdout: Signer #1 certificate DN: EMAILADDRESS=android@android.com, CN=Android, OU=Android, O=Android, L=Mountain View, ST=California, C=US
[debug] &amp#27;[38;5;48m[ADB]&amp#27;[0m Signer #1 certificate SHA-256 digest: a40da80a59d170caa950cf15c18c454d47a39b26989d8b640ecd745ba71bf5dc
[debug] &amp#27;[38;5;48m[ADB]&amp#27;[0m Signer #1 certificate SHA-1 digest: 61ed377e85d386a8dfee6b864bd85b0bfaa5af81
[debug] &amp#27;[38;5;48m[ADB]&amp#27;[0m Signer #1 certificate MD5 digest: e89b158e4bcf988ebd09eb83f5378e87
[debug] &amp#27;[38;5;48m[ADB]&amp#27;[0m 
[debug] &amp#27;[38;5;48m[ADB]&amp#27;[0m sha256 hash did match for 'appium-uiautomator2-server-v7.0.3.apk'
&amp#27;[38;5;48m[ADB]&amp#27;[0m 'C:\Users\TOPINFORMATIQUE\.appium\node_modules\appium-uiautomator2-driver\node_modules\appium-uiautomator2-server\apks\appium-uiautomator2-server-v7.0.3.apk' is signed with the default certificate
[debug] &amp#27;[38;5;48m[ADB]&amp#27;[0m Getting package info for 'io.appium.uiautomator2.server'
[debug] &amp#27;[38;5;48m[ADB]&amp#27;[0m Running 'C:\Users\TOPINFORMATIQUE\AppData\Local\Android\Sdk\platform-tools\adb.exe -P 5037 -s emulator-5554 shell dumpsys package io.appium.uiautomator2.server'
[debug] &amp#27;[38;5;48m[ADB]&amp#27;[0m The version name of the installed 'io.appium.uiautomator2.server' is greater or equal to the application version name ('7.0.3' >= '7.0.3')
[debug] &amp#27;[38;5;32m[AndroidUiautomator2Driver@5b50 (bee3a0b8)]&amp#27;[0m Server packages status: [{"wasSigned":true,"installState":"sameVersionInstalled","appPath":"C:\\Users\\TOPINFORMATIQUE\\.appium\\node_modules\\appium-uiautomator2-driver\\node_modules\\appium-uiautomator2-server\\apks\\appium-uiautomator2-server-v7.0.3.apk","appId":"io.appium.uiautomator2.server"},{"wasSigned":true,"installState":"sameVersionInstalled","appPath":"C:\\Users\\TOPINFORMATIQUE\\.appium\\node_modules\\appium-uiautomator2-driver\\node_modules\\appium-uiautomator2-server\\apks\\appium-uiautomator2-server-debug-androidTest.apk","appId":"io.appium.uiautomator2.server.test"}]
&amp#27;[38;5;32m[AndroidUiautomator2Driver@5b50 (bee3a0b8)]&amp#27;[0m Server packages are not going to be (re)installed
[debug] &amp#27;[38;5;32m[AndroidUiautomator2Driver@5b50 (bee3a0b8)]&amp#27;[0m Waiting up to 30000ms for services to be available
[debug] &amp#27;[38;5;48m[ADB]&amp#27;[0m Running 'C:\Users\TOPINFORMATIQUE\AppData\Local\Android\Sdk\platform-tools\adb.exe -P 5037 -s emulator-5554 shell pm list instrumentation'
[debug] &amp#27;[38;5;32m[AndroidUiautomator2Driver@5b50 (bee3a0b8)]&amp#27;[0m Instrumentation target 'io.appium.uiautomator2.server.test/androidx.test.runner.AndroidJUnitRunner' is available
&amp#27;[38;5;48m[ADB]&amp#27;[0m Adding packages ["io.appium.settings","io.appium.uiautomator2.server","io.appium.uiautomator2.server.test"] to Doze whitelist
[debug] &amp#27;[38;5;48m[ADB]&amp#27;[0m Got the following command chunks to execute: [["dumpsys","deviceidle","whitelist","+io.appium.settings",";","dumpsys","deviceidle","whitelist","+io.appium.uiautomator2.server",";","dumpsys","deviceidle","whitelist","+io.appium.uiautomator2.server.test",";"]]
[debug] &amp#27;[38;5;48m[ADB]&amp#27;[0m Running 'C:\Users\TOPINFORMATIQUE\AppData\Local\Android\Sdk\platform-tools\adb.exe -P 5037 -s emulator-5554 shell dumpsys deviceidle whitelist +io.appium.settings ; dumpsys deviceidle whitelist +io.appium.uiautomator2.server ; dumpsys deviceidle whitelist +io.appium.uiautomator2.server.test ;'
[debug] &amp#27;[38;5;32m[AndroidUiautomator2Driver@5b50 (bee3a0b8)]&amp#27;[0m Performing shallow cleanup of automation leftovers
[debug] &amp#27;[38;5;32m[AndroidUiautomator2Driver@5b50 (bee3a0b8)]&amp#27;[0m No obsolete sessions have been detected (socket hang up)
[debug] &amp#27;[38;5;48m[ADB]&amp#27;[0m Running 'C:\Users\TOPINFORMATIQUE\AppData\Local\Android\Sdk\platform-tools\adb.exe -P 5037 -s emulator-5554 shell am force-stop io.appium.uiautomator2.server.test'
&amp#27;[38;5;32m[AndroidUiautomator2Driver@5b50 (bee3a0b8)]&amp#27;[0m Starting UIAutomator2 server 7.0.3
&amp#27;[38;5;32m[AndroidUiautomator2Driver@5b50 (bee3a0b8)]&amp#27;[0m Using UIAutomator2 server from 'C:\Users\TOPINFORMATIQUE\.appium\node_modules\appium-uiautomator2-driver\node_modules\appium-uiautomator2-server\apks\appium-uiautomator2-server-v7.0.3.apk' and test from 'C:\Users\TOPINFORMATIQUE\.appium\node_modules\appium-uiautomator2-driver\node_modules\appium-uiautomator2-server\apks\appium-uiautomator2-server-debug-androidTest.apk'
&amp#27;[38;5;32m[AndroidUiautomator2Driver@5b50 (bee3a0b8)]&amp#27;[0m Waiting up to 30000ms for UiAutomator2 to be online...
[debug] &amp#27;[38;5;48m[ADB]&amp#27;[0m Creating ADB subprocess with args: ["-P","5037","-s","emulator-5554","shell","am","instrument","-w","-e","disableAnalytics","true","io.appium.uiautomator2.server.test/androidx.test.runner.AndroidJUnitRunner"]
[debug] &amp#27;[38;5;32m[AndroidUiautomator2Driver@5b50 (bee3a0b8)]&amp#27;[0m Matched '/status' to command name 'getStatus'
[debug] &amp#27;[38;5;32m[AndroidUiautomator2Driver@5b50 (bee3a0b8)]&amp#27;[0m Proxying [GET /status] to [GET http://127.0.0.1:8200/status] with no body
&amp#27;[38;5;32m[AndroidUiautomator2Driver@5b50 (bee3a0b8)]&amp#27;[0m socket hang up
[debug] &amp#27;[38;5;96m[Instrumentation]&amp#27;[0m io.appium.uiautomator2.server.test.AppiumUiAutomator2Server:
[debug] &amp#27;[38;5;32m[AndroidUiautomator2Driver@5b50 (bee3a0b8)]&amp#27;[0m Matched '/status' to command name 'getStatus'
[debug] &amp#27;[38;5;32m[AndroidUiautomator2Driver@5b50 (bee3a0b8)]&amp#27;[0m Proxying [GET /status] to [GET http://127.0.0.1:8200/status] with no body
&amp#27;[38;5;32m[AndroidUiautomator2Driver@5b50 (bee3a0b8)]&amp#27;[0m socket hang up
[debug] &amp#27;[38;5;32m[AndroidUiautomator2Driver@5b50 (bee3a0b8)]&amp#27;[0m Matched '/status' to command name 'getStatus'
[debug] &amp#27;[38;5;32m[AndroidUiautomator2Driver@5b50 (bee3a0b8)]&amp#27;[0m Proxying [GET /status] to [GET http://127.0.0.1:8200/status] with no body
&amp#27;[38;5;32m[AndroidUiautomator2Driver@5b50 (bee3a0b8)]&amp#27;[0m socket hang up
&amp#27;[38;5;0m[HTTP]&amp#27;[0m &amp#27;[37m-->&amp#27;[39m &amp#27;[37mGET&amp#27;[39m &amp#27;[37m/session/d1b0e0a1-56d3-45bc-afb5-4d50d9cfc78e/timeouts&amp#27;[39m
&amp#27;[38;5;0m[HTTP]&amp#27;[0m &amp#27;[90m{}&amp#27;[39m
[debug] &amp#27;[38;5;16m[AppiumDriver@9e2d]&amp#27;[0m Encountered internal error running command: NoSuchDriverError: A session is either terminated or not started
[debug] &amp#27;[38;5;16m[AppiumDriver@9e2d]&amp#27;[0m     at asyncHandler (C:\Users\TOPINFORMATIQUE\AppData\Roaming\npm\node_modules\appium\node_modules\@appium\base-driver\lib\protocol\protocol.js:315:15)
[debug] &amp#27;[38;5;16m[AppiumDriver@9e2d]&amp#27;[0m     at C:\Users\TOPINFORMATIQUE\AppData\Roaming\npm\node_modules\appium\node_modules\@appium\base-driver\lib\protocol\protocol.js:518:15
[debug] &amp#27;[38;5;16m[AppiumDriver@9e2d]&amp#27;[0m     at Layer.handle [as handle_request] (C:\Users\TOPINFORMATIQUE\AppData\Roaming\npm\node_modules\appium\node_modules\express\lib\router\layer.js:95:5)
[debug] &amp#27;[38;5;16m[AppiumDriver@9e2d]&amp#27;[0m     at next (C:\Users\TOPINFORMATIQUE\AppData\Roaming\npm\node_modules\appium\node_modules\express\lib\router\route.js:144:13)
[debug] &amp#27;[38;5;16m[AppiumDriver@9e2d]&amp#27;[0m     at Route.dispatch (C:\Users\TOPINFORMATIQUE\AppData\Roaming\npm\node_modules\appium\node_modules\express\lib\router\route.js:114:3)
[debug] &amp#27;[38;5;16m[AppiumDriver@9e2d]&amp#27;[0m     at Layer.handle [as handle_request] (C:\Users\TOPINFORMATIQUE\AppData\Roaming\npm\node_modules\appium\node_modules\express\lib\router\layer.js:95:5)
[debug] &amp#27;[38;5;16m[AppiumDriver@9e2d]&amp#27;[0m     at C:\Users\TOPINFORMATIQUE\AppData\Roaming\npm\node_modules\appium\node_modules\express\lib\router\index.js:284:15
[debug] &amp#27;[38;5;16m[AppiumDriver@9e2d]&amp#27;[0m     at param (C:\Users\TOPINFORMATIQUE\AppData\Roaming\npm\node_modules\appium\node_modules\express\lib\router\index.js:365:14)
[debug] &amp#27;[38;5;16m[AppiumDriver@9e2d]&amp#27;[0m     at param (C:\Users\TOPINFORMATIQUE\AppData\Roaming\npm\node_modules\appium\node_modules\express\lib\router\index.js:376:14)
[debug] &amp#27;[38;5;16m[AppiumDriver@9e2d]&amp#27;[0m     at Function.process_params (C:\Users\TOPINFORMATIQUE\AppData\Roaming\npm\node_modules\appium\node_modules\express\lib\router\index.js:421:3)
[debug] &amp#27;[38;5;16m[AppiumDriver@9e2d]&amp#27;[0m     at next (C:\Users\TOPINFORMATIQUE\AppData\Roaming\npm\node_modules\appium\node_modules\express\lib\router\index.js:280:10)
[debug] &amp#27;[38;5;16m[AppiumDriver@9e2d]&amp#27;[0m     at logger (C:\Users\TOPINFORMATIQUE\AppData\Roaming\npm\node_modules\appium\node_modules\morgan\index.js:144:5)
[debug] &amp#27;[38;5;16m[AppiumDriver@9e2d]&amp#27;[0m     at Layer.handle [as handle_request] (C:\Users\TOPINFORMATIQUE\AppData\Roaming\npm\node_modules\appium\node_modules\express\lib\router\layer.js:95:5)
[debug] &amp#27;[38;5;16m[AppiumDriver@9e2d]&amp#27;[0m     at trim_prefix (C:\Users\TOPINFORMATIQUE\AppData\Roaming\npm\node_modules\appium\node_modules\express\lib\router\index.js:328:13)
[debug] &amp#27;[38;5;16m[AppiumDriver@9e2d]&amp#27;[0m     at C:\Users\TOPINFORMATIQUE\AppData\Roaming\npm\node_modules\appium\node_modules\express\lib\router\index.js:286:9
[debug] &amp#27;[38;5;16m[AppiumDriver@9e2d]&amp#27;[0m     at Function.process_params (C:\Users\TOPINFORMATIQUE\AppData\Roaming\npm\node_modules\appium\node_modules\express\lib\router\index.js:346:12)
[debug] &amp#27;[38;5;16m[AppiumDriver@9e2d]&amp#27;[0m     at next (C:\Users\TOPINFORMATIQUE\AppData\Roaming\npm\node_modules\appium\node_modules\express\lib\router\index.js:280:10)
[debug] &amp#27;[38;5;16m[AppiumDriver@9e2d]&amp#27;[0m     at jsonParser (C:\Users\TOPINFORMATIQUE\AppData\Roaming\npm\node_modules\appium\node_modules\body-parser\lib\types\json.js:113:7)
[debug] &amp#27;[38;5;16m[AppiumDriver@9e2d]&amp#27;[0m     at Layer.handle [as handle_request] (C:\Users\TOPINFORMATIQUE\AppData\Roaming\npm\node_modules\appium\node_modules\express\lib\router\layer.js:95:5)
[debug] &amp#27;[38;5;16m[AppiumDriver@9e2d]&amp#27;[0m     at trim_prefix (C:\Users\TOPINFORMATIQUE\AppData\Roaming\npm\node_modules\appium\node_modules\express\lib\router\index.js:328:13)
[debug] &amp#27;[38;5;16m[AppiumDriver@9e2d]&amp#27;[0m     at C:\Users\TOPINFORMATIQUE\AppData\Roaming\npm\node_modules\appium\node_modules\express\lib\router\index.js:286:9
[debug] &amp#27;[38;5;16m[AppiumDriver@9e2d]&amp#27;[0m     at Function.process_params (C:\Users\TOPINFORMATIQUE\AppData\Roaming\npm\node_modules\appium\node_modules\express\lib\router\index.js:346:12)
&amp#27;[38;5;0m[HTTP]&amp#27;[0m &amp#27;[37m<-- GET /session/d1b0e0a1-56d3-45bc-afb5-4d50d9cfc78e/timeouts &amp#27;[39m&amp#27;[33m404&amp#27;[39m &amp#27;[90m17 ms - 3451&amp#27;[39m
&amp#27;[38;5;0m[HTTP]&amp#27;[0m &amp#27;[90m&amp#27;[39m
[debug] &amp#27;[38;5;32m[AndroidUiautomator2Driver@5b50 (bee3a0b8)]&amp#27;[0m Matched '/status' to command name 'getStatus'
[debug] &amp#27;[38;5;32m[AndroidUiautomator2Driver@5b50 (bee3a0b8)]&amp#27;[0m Proxying [GET /status] to [GET http://127.0.0.1:8200/status] with no body
[debug] &amp#27;[38;5;32m[AndroidUiautomator2Driver@5b50 (bee3a0b8)]&amp#27;[0m Got response with status 200: {"sessionId":"None","value":{"message":"UiAutomator2 Server is ready to accept commands","ready":true}}
[debug] &amp#27;[38;5;32m[AndroidUiautomator2Driver@5b50 (bee3a0b8)]&amp#27;[0m The initialization of the instrumentation process took 3342ms
[debug] &amp#27;[38;5;32m[AndroidUiautomator2Driver@5b50 (bee3a0b8)]&amp#27;[0m Matched '/session' to command name 'createSession'
[debug] &amp#27;[38;5;32m[AndroidUiautomator2Driver@5b50 (bee3a0b8)]&amp#27;[0m Proxying [POST /session] to [POST http://127.0.0.1:8200/session] with body: {"capabilities":{"firstMatch":[{"platformName":"ANDROID","app":"C:\\Users\\TOPINFORMATIQUE\\eclipse-workspace\\AppiumTests\\src\\test\\resources\\General-Store.apk","automationName":"UIAutomator2","deviceName":"emulator-5554","platform":"LINUX","webStorageEnabled":false,"takesScreenshot":true,"javascriptEnabled":true,"databaseEnabled":false,"networkConnectionEnabled":true,"locationContextEnabled":false,"warnings":{},"desired":{"platformName":"ANDROID","app":"C:\\Users\\TOPINFORMATIQUE\\eclipse-workspace\\AppiumTests\\src\\test\\resources\\General-Store.apk","automationName":"UIAutomator2","deviceName":"DemoDevice"},"deviceUDID":"emulator-5554","appPackage":"com.androidsample.generalstore"}],"alwaysMatch":{}}}
[debug] &amp#27;[38;5;32m[AndroidUiautomator2Driver@5b50 (bee3a0b8)]&amp#27;[0m Got response with status 200: {"sessionId":"85ad228a-5bfc-4075-9704-3b374344e125","value":{"capabilities":{"firstMatch":[{"platformName":"ANDROID","app":"C:\\Users\\TOPINFORMATIQUE\\eclipse-workspace\\AppiumTests\\src\\test\\resources\\General-Store.apk","automationName":"UIAutomator2","deviceName":"emulator-5554","platform":"LINUX","webStorageEnabled":false,"takesScreenshot":true,"javascriptEnabled":true,"databaseEnabled":false,"networkConnectionEnabled":true,"locationContextEnabled":false,"warnings":{},"desired":{"platformName":"ANDROID","app":"C:\\Users\\TOPINFORMATIQUE\\eclipse-workspace\\AppiumTests\\src\\test\\resources\\General-Store.apk","automationName":"UIAutomator2","deviceName":"DemoDevice"},"deviceUDID":"emulator-5554","appPackage":"com.androidsample.generalstore"}],"alwaysMatch":{}},"sessionId":"85ad228a-5bfc-4075-9704-3b374344e125"}}
&amp#27;[38;5;32m[AndroidUiautomator2Driver@5b50 (bee3a0b8)]&amp#27;[0m Determined the downstream protocol as 'W3C'
[debug] &amp#27;[38;5;32m[AndroidUiautomator2Driver@5b50 (bee3a0b8)]&amp#27;[0m Proxying [GET /appium/device/pixel_ratio] to [GET http://127.0.0.1:8200/session/85ad228a-5bfc-4075-9704-3b374344e125/appium/device/pixel_ratio] with no body
[debug] &amp#27;[38;5;32m[AndroidUiautomator2Driver@5b50 (bee3a0b8)]&amp#27;[0m Matched '/appium/device/system_bars' to command name 'getSystemBars'
[debug] &amp#27;[38;5;32m[AndroidUiautomator2Driver@5b50 (bee3a0b8)]&amp#27;[0m Proxying [GET /appium/device/system_bars] to [GET http://127.0.0.1:8200/session/85ad228a-5bfc-4075-9704-3b374344e125/appium/device/system_bars] with no body
[debug] &amp#27;[38;5;32m[AndroidUiautomator2Driver@5b50 (bee3a0b8)]&amp#27;[0m Matched '/window/current/size' to command name 'getWindowSize'
[debug] &amp#27;[38;5;32m[AndroidUiautomator2Driver@5b50 (bee3a0b8)]&amp#27;[0m Proxying [GET /window/current/size] to [GET http://127.0.0.1:8200/session/85ad228a-5bfc-4075-9704-3b374344e125/window/current/size] with no body
[debug] &amp#27;[38;5;32m[AndroidUiautomator2Driver@5b50 (bee3a0b8)]&amp#27;[0m Proxying [GET /appium/device/info] to [GET http://127.0.0.1:8200/session/85ad228a-5bfc-4075-9704-3b374344e125/appium/device/info] with no body
[debug] &amp#27;[38;5;48m[ADB]&amp#27;[0m Running 'C:\Users\TOPINFORMATIQUE\AppData\Local\Android\Sdk\platform-tools\adb.exe -P 5037 -s emulator-5554 shell dumpsys window'
[debug] &amp#27;[38;5;32m[AndroidUiautomator2Driver@5b50 (bee3a0b8)]&amp#27;[0m Got response with status 200: {"sessionId":"85ad228a-5bfc-4075-9704-3b374344e125","value":2.75}
[debug] &amp#27;[38;5;32m[AndroidUiautomator2Driver@5b50 (bee3a0b8)]&amp#27;[0m Got response with status 200: {"sessionId":"85ad228a-5bfc-4075-9704-3b374344e125","value":{"statusBar":66}}
[debug] &amp#27;[38;5;32m[AndroidUiautomator2Driver@5b50 (bee3a0b8)]&amp#27;[0m Got response with status 200: {"sessionId":"85ad228a-5bfc-4075-9704-3b374344e125","value":{"height":2220,"width":1080}}
&amp#27;[38;5;32m[AndroidUiautomator2Driver@5b50 (bee3a0b8)]&amp#27;[0m Screen already unlocked, doing nothing
&amp#27;[38;5;32m[AndroidUiautomator2Driver@5b50 (bee3a0b8)]&amp#27;[0m Starting 'com.androidsample.generalstore/com.androidsample.generalstore.SplashActivity and waiting for 'com.androidsample.generalstore/com.androidsample.generalstore.SplashActivity'
[debug] &amp#27;[38;5;48m[ADB]&amp#27;[0m Running 'C:\Users\TOPINFORMATIQUE\AppData\Local\Android\Sdk\platform-tools\adb.exe -P 5037 -s emulator-5554 shell am start -W -n com.androidsample.generalstore/com.androidsample.generalstore.SplashActivity -S -a android.intent.action.MAIN -c android.intent.category.LAUNCHER -f 0x10200000'
[debug] &amp#27;[38;5;32m[AndroidUiautomator2Driver@5b50 (bee3a0b8)]&amp#27;[0m Got response with status 200: {"sessionId":"85ad228a-5bfc-4075-9704-3b374344e125","value":{"androidId":"b53b31d7a9641f02","apiVersion":"34","bluetooth":{"state":"ON"},"brand":"google","carrierName":"T-Mobile","displayDensity":440,"locale":"en_US","manufacturer":"Google","model":"sdk_gphone64_x86_64","networks":[{"capabilities":{"SSID":null,"linkDownBandwidthKbps":30000,"linkUpstreamBandwidthKbps":12000,"networkCapabilities":"NET_CAPABILITY_NOT_METERED,NET_CAPABILITY_INTERNET,NET_CAPABILITY_NOT_RESTRICTED,NET_CAPABILITY_TRUSTED,NET_CAPABILITY_NOT_VPN,NET_CAPABILITY_VALIDATED,NET_CAPABILITY_NOT_ROAMING,NET_CAPABILITY_FOREGROUND,NET_CAPABILITY_NOT_CONGESTED,NET_CAPABILITY_NOT_SUSPENDED","signalStrength":-50,"transportTypes":"TRANSPORT_WIFI"},"detailedState":"CONNECTED","extraInfo":"","isAvailable":true,"isConnected":true,"isFailover":false,"isRoaming":false,"state":"CONNECTED","subtype":-1,"subtypeName":"","type":1,"typeName":"WIFI"},{"capabilities":{"SSID":null,"linkDownBandwidthKbps":4300,"linkUpstreamBandwidthKbps":1800,"networkCapabil...
[debug] &amp#27;[38;5;48m[ADB]&amp#27;[0m Waiting up to 20000ms for activity matching pkg: 'com.androidsample.generalstore' and activity: 'com.androidsample.generalstore.SplashActivity' to be focused
[debug] &amp#27;[38;5;48m[ADB]&amp#27;[0m Possible activities, to be checked: 'com.androidsample.generalstore.SplashActivity', 'com.androidsample.generalstore.com.androidsample.generalstore.SplashActivity'
[debug] &amp#27;[38;5;48m[ADB]&amp#27;[0m Getting focused package and activity
[debug] &amp#27;[38;5;48m[ADB]&amp#27;[0m Running 'C:\Users\TOPINFORMATIQUE\AppData\Local\Android\Sdk\platform-tools\adb.exe -P 5037 -s emulator-5554 shell dumpsys window displays'
[debug] &amp#27;[38;5;48m[ADB]&amp#27;[0m Found package: 'com.androidsample.generalstore' and fully qualified activity name : 'com.androidsample.generalstore.SplashActivity'
&amp#27;[38;5;16m[AppiumDriver@9e2d]&amp#27;[0m New AndroidUiautomator2Driver session created successfully, session bee3a0b8-7433-4711-82cd-08ea2bd8fde8 added to master session list
[debug] &amp#27;[38;5;16m[AppiumDriver@9e2d]&amp#27;[0m Event 'newSessionStarted' logged at 1710511723692 (15:08:43 GMT+0100 (UTC+01:00))
[debug] &amp#27;[38;5;32m[AndroidUiautomator2Driver@5b50 (bee3a0b8)]&amp#27;[0m Cached the protocol value 'W3C' for the new session bee3a0b8-7433-4711-82cd-08ea2bd8fde8
[debug] &amp#27;[38;5;32m[AndroidUiautomator2Driver@5b50 (bee3a0b8)]&amp#27;[0m Responding to client with driver.createSession() result: {"capabilities":{"platformName":"ANDROID","app":"C:\\Users\\TOPINFORMATIQUE\\eclipse-workspace\\AppiumTests\\src\\test\\resources\\General-Store.apk","automationName":"UIAutomator2","deviceName":"emulator-5554","platform":"LINUX","webStorageEnabled":false,"takesScreenshot":true,"javascriptEnabled":true,"databaseEnabled":false,"networkConnectionEnabled":true,"locationContextEnabled":false,"warnings":{},"desired":{"platformName":"ANDROID","app":"C:\\Users\\TOPINFORMATIQUE\\eclipse-workspace\\AppiumTests\\src\\test\\resources\\General-Store.apk","automationName":"UIAutomator2","deviceName":"DemoDevice"},"deviceUDID":"emulator-5554","appPackage":"com.androidsample.generalstore","pixelRatio":"2.75","statBarHeight":66,"viewportRect":{"left":0,"top":66,"width":1080,"height":2154},"deviceApiLevel":34,"platformVersion":"14","deviceManufacturer":"Google","deviceModel":"sdk_gphone64_x86_64","deviceScreenSize":"1080x2220","deviceScreenDensity":440}}
&amp#27;[38;5;0m[HTTP]&amp#27;[0m &amp#27;[37m<-- POST /session &amp#27;[39m&amp#27;[32m200&amp#27;[39m &amp#27;[90m9907 ms - 1012&amp#27;[39m
&amp#27;[38;5;0m[HTTP]&amp#27;[0m &amp#27;[90m&amp#27;[39m
&amp#27;[38;5;0m[HTTP]&amp#27;[0m &amp#27;[37m-->&amp#27;[39m &amp#27;[37mPOST&amp#27;[39m &amp#27;[37m/session/bee3a0b8-7433-4711-82cd-08ea2bd8fde8/timeouts&amp#27;[39m
&amp#27;[38;5;0m[HTTP]&amp#27;[0m &amp#27;[90m{"implicit":10000}&amp#27;[39m
[debug] &amp#27;[38;5;32m[AndroidUiautomator2Driver@5b50 (bee3a0b8)]&amp#27;[0m Calling AppiumDriver.timeouts() with args: [null,null,null,null,10000,"bee3a0b8-7433-4711-82cd-08ea2bd8fde8"]
[debug] &amp#27;[38;5;32m[AndroidUiautomator2Driver@5b50 (bee3a0b8)]&amp#27;[0m W3C timeout argument: {"implicit":10000}}
[debug] &amp#27;[38;5;32m[AndroidUiautomator2Driver@5b50 (bee3a0b8)]&amp#27;[0m Set implicit wait to 10000ms
[debug] &amp#27;[38;5;32m[AndroidUiautomator2Driver@5b50 (bee3a0b8)]&amp#27;[0m Responding to client with driver.timeouts() result: null
&amp#27;[38;5;0m[HTTP]&amp#27;[0m &amp#27;[37m<-- POST /session/bee3a0b8-7433-4711-82cd-08ea2bd8fde8/timeouts &amp#27;[39m&amp#27;[32m200&amp#27;[39m &amp#27;[90m8 ms - 14&amp#27;[39m
&amp#27;[38;5;0m[HTTP]&amp#27;[0m &amp#27;[90m&amp#27;[39m
&amp#27;[38;5;0m[HTTP]&amp#27;[0m &amp#27;[37m-->&amp#27;[39m &amp#27;[37mPOST&amp#27;[39m &amp#27;[37m/session/bee3a0b8-7433-4711-82cd-08ea2bd8fde8/element&amp#27;[39m
&amp#27;[38;5;0m[HTTP]&amp#27;[0m &amp#27;[90m{"using":"class name","value":"android.widget.Spinner"}&amp#27;[39m
[debug] &amp#27;[38;5;32m[AndroidUiautomator2Driver@5b50 (bee3a0b8)]&amp#27;[0m Calling AppiumDriver.findElement() with args: ["class name","android.widget.Spinner","bee3a0b8-7433-4711-82cd-08ea2bd8fde8"]
[debug] &amp#27;[38;5;32m[AndroidUiautomator2Driver@5b50 (bee3a0b8)]&amp#27;[0m Valid locator strategies for this request: xpath, id, class name, accessibility id, css selector, -android uiautomator
[debug] &amp#27;[38;5;32m[AndroidUiautomator2Driver@5b50 (bee3a0b8)]&amp#27;[0m Waiting up to 10000 ms for condition
[debug] &amp#27;[38;5;32m[AndroidUiautomator2Driver@5b50 (bee3a0b8)]&amp#27;[0m Matched '/element' to command name 'findElement'
[debug] &amp#27;[38;5;32m[AndroidUiautomator2Driver@5b50 (bee3a0b8)]&amp#27;[0m Proxying [POST /element] to [POST http://127.0.0.1:8200/session/85ad228a-5bfc-4075-9704-3b374344e125/element] with body: {"strategy":"class name","selector":"android.widget.Spinner","context":"","multiple":false}
&amp#27;[38;5;32m[AndroidUiautomator2Driver@5b50 (bee3a0b8)]&amp#27;[0m Got response with status 404: {"sessionId":"85ad228a-5bfc-4075-9704-3b374344e125","value":{"error":"no such element","message":"An element could not be located on the page using the given search parameters","stacktrace":"io.appium.uiautomator2.common.exceptions.ElementNotFoundException: An element could not be located on the page using the given search parameters\n\tat io.appium.uiautomator2.handler.FindElement.safeHandle(FindElement.java:63)\n\tat io.appium.uiautomator2.handler.request.SafeRequestHandler.handle(SafeRequestHandler.java:59)\n\tat io.appium.uiautomator2.server.AppiumServlet.handleRequest(AppiumServlet.java:259)\n\tat io.appium.uiautomator2.server.AppiumServlet.handleHttpRequest(AppiumServlet.java:253)\n\tat io.appium.uiautomator2.http.ServerHandler.channelRead(ServerHandler.java:77)\n\tat io.netty.channel.AbstractChannelHandlerContext.invokeChannelRead(AbstractChannelHandlerContext.java:366)\n\tat io.netty.channel.AbstractChannelHandlerContext.invokeChannelRead(AbstractChannelHandlerContext.java:352)\n\tat io.netty.chann...
[debug] &amp#27;[38;5;112m[W3C]&amp#27;[0m Matched W3C error code 'no such element' to NoSuchElementError
[debug] &amp#27;[38;5;32m[AndroidUiautomator2Driver@5b50 (bee3a0b8)]&amp#27;[0m Waited for 654 ms so far
[debug] &amp#27;[38;5;32m[AndroidUiautomator2Driver@5b50 (bee3a0b8)]&amp#27;[0m Matched '/element' to command name 'findElement'
[debug] &amp#27;[38;5;32m[AndroidUiautomator2Driver@5b50 (bee3a0b8)]&amp#27;[0m Proxying [POST /element] to [POST http://127.0.0.1:8200/session/85ad228a-5bfc-4075-9704-3b374344e125/element] with body: {"strategy":"class name","selector":"android.widget.Spinner","context":"","multiple":false}
&amp#27;[38;5;32m[AndroidUiautomator2Driver@5b50 (bee3a0b8)]&amp#27;[0m Got response with status 404: {"sessionId":"85ad228a-5bfc-4075-9704-3b374344e125","value":{"error":"no such element","message":"An element could not be located on the page using the given search parameters","stacktrace":"io.appium.uiautomator2.common.exceptions.ElementNotFoundException: An element could not be located on the page using the given search parameters\n\tat io.appium.uiautomator2.handler.FindElement.safeHandle(FindElement.java:63)\n\tat io.appium.uiautomator2.handler.request.SafeRequestHandler.handle(SafeRequestHandler.java:59)\n\tat io.appium.uiautomator2.server.AppiumServlet.handleRequest(AppiumServlet.java:259)\n\tat io.appium.uiautomator2.server.AppiumServlet.handleHttpRequest(AppiumServlet.java:253)\n\tat io.appium.uiautomator2.http.ServerHandler.channelRead(ServerHandler.java:77)\n\tat io.netty.channel.AbstractChannelHandlerContext.invokeChannelRead(AbstractChannelHandlerContext.java:366)\n\tat io.netty.channel.AbstractChannelHandlerContext.invokeChannelRead(AbstractChannelHandlerContext.java:352)\n\tat io.netty.chann...
[debug] &amp#27;[38;5;112m[W3C]&amp#27;[0m Matched W3C error code 'no such element' to NoSuchElementError
[debug] &amp#27;[38;5;32m[AndroidUiautomator2Driver@5b50 (bee3a0b8)]&amp#27;[0m Waited for 1283 ms so far
[debug] &amp#27;[38;5;32m[AndroidUiautomator2Driver@5b50 (bee3a0b8)]&amp#27;[0m Matched '/element' to command name 'findElement'
[debug] &amp#27;[38;5;32m[AndroidUiautomator2Driver@5b50 (bee3a0b8)]&amp#27;[0m Proxying [POST /element] to [POST http://127.0.0.1:8200/session/85ad228a-5bfc-4075-9704-3b374344e125/element] with body: {"strategy":"class name","selector":"android.widget.Spinner","context":"","multiple":false}
&amp#27;[38;5;32m[AndroidUiautomator2Driver@5b50 (bee3a0b8)]&amp#27;[0m Got response with status 404: {"sessionId":"85ad228a-5bfc-4075-9704-3b374344e125","value":{"error":"no such element","message":"An element could not be located on the page using the given search parameters","stacktrace":"io.appium.uiautomator2.common.exceptions.ElementNotFoundException: An element could not be located on the page using the given search parameters\n\tat io.appium.uiautomator2.handler.FindElement.safeHandle(FindElement.java:63)\n\tat io.appium.uiautomator2.handler.request.SafeRequestHandler.handle(SafeRequestHandler.java:59)\n\tat io.appium.uiautomator2.server.AppiumServlet.handleRequest(AppiumServlet.java:259)\n\tat io.appium.uiautomator2.server.AppiumServlet.handleHttpRequest(AppiumServlet.java:253)\n\tat io.appium.uiautomator2.http.ServerHandler.channelRead(ServerHandler.java:77)\n\tat io.netty.channel.AbstractChannelHandlerContext.invokeChannelRead(AbstractChannelHandlerContext.java:366)\n\tat io.netty.channel.AbstractChannelHandlerContext.invokeChannelRead(AbstractChannelHandlerContext.java:352)\n\tat io.netty.chann...
[debug] &amp#27;[38;5;112m[W3C]&amp#27;[0m Matched W3C error code 'no such element' to NoSuchElementError
[debug] &amp#27;[38;5;32m[AndroidUiautomator2Driver@5b50 (bee3a0b8)]&amp#27;[0m Waited for 1907 ms so far
[debug] &amp#27;[38;5;32m[AndroidUiautomator2Driver@5b50 (bee3a0b8)]&amp#27;[0m Matched '/element' to command name 'findElement'
[debug] &amp#27;[38;5;32m[AndroidUiautomator2Driver@5b50 (bee3a0b8)]&amp#27;[0m Proxying [POST /element] to [POST http://127.0.0.1:8200/session/85ad228a-5bfc-4075-9704-3b374344e125/element] with body: {"strategy":"class name","selector":"android.widget.Spinner","context":"","multiple":false}
&amp#27;[38;5;32m[AndroidUiautomator2Driver@5b50 (bee3a0b8)]&amp#27;[0m Got response with status 404: {"sessionId":"85ad228a-5bfc-4075-9704-3b374344e125","value":{"error":"no such element","message":"An element could not be located on the page using the given search parameters","stacktrace":"io.appium.uiautomator2.common.exceptions.ElementNotFoundException: An element could not be located on the page using the given search parameters\n\tat io.appium.uiautomator2.handler.FindElement.safeHandle(FindElement.java:63)\n\tat io.appium.uiautomator2.handler.request.SafeRequestHandler.handle(SafeRequestHandler.java:59)\n\tat io.appium.uiautomator2.server.AppiumServlet.handleRequest(AppiumServlet.java:259)\n\tat io.appium.uiautomator2.server.AppiumServlet.handleHttpRequest(AppiumServlet.java:253)\n\tat io.appium.uiautomator2.http.ServerHandler.channelRead(ServerHandler.java:77)\n\tat io.netty.channel.AbstractChannelHandlerContext.invokeChannelRead(AbstractChannelHandlerContext.java:366)\n\tat io.netty.channel.AbstractChannelHandlerContext.invokeChannelRead(AbstractChannelHandlerContext.java:352)\n\tat io.netty.chann...
[debug] &amp#27;[38;5;112m[W3C]&amp#27;[0m Matched W3C error code 'no such element' to NoSuchElementError
[debug] &amp#27;[38;5;32m[AndroidUiautomator2Driver@5b50 (bee3a0b8)]&amp#27;[0m Waited for 2684 ms so far
[debug] &amp#27;[38;5;32m[AndroidUiautomator2Driver@5b50 (bee3a0b8)]&amp#27;[0m Matched '/element' to command name 'findElement'
[debug] &amp#27;[38;5;32m[AndroidUiautomator2Driver@5b50 (bee3a0b8)]&amp#27;[0m Proxying [POST /element] to [POST http://127.0.0.1:8200/session/85ad228a-5bfc-4075-9704-3b374344e125/element] with body: {"strategy":"class name","selector":"android.widget.Spinner","context":"","multiple":false}
[debug] &amp#27;[38;5;32m[AndroidUiautomator2Driver@5b50 (bee3a0b8)]&amp#27;[0m Got response with status 200: {"sessionId":"85ad228a-5bfc-4075-9704-3b374344e125","value":{"ELEMENT":"00000000-0000-0035-ffff-ffff0000001a","element-6066-11e4-a52e-4f735466cecf":"00000000-0000-0035-ffff-ffff0000001a"}}
[debug] &amp#27;[38;5;32m[AndroidUiautomator2Driver@5b50 (bee3a0b8)]&amp#27;[0m Responding to client with driver.findElement() result: {"element-6066-11e4-a52e-4f735466cecf":"00000000-0000-0035-ffff-ffff0000001a","ELEMENT":"00000000-0000-0035-ffff-ffff0000001a"}
&amp#27;[38;5;0m[HTTP]&amp#27;[0m &amp#27;[37m<-- POST /session/bee3a0b8-7433-4711-82cd-08ea2bd8fde8/element &amp#27;[39m&amp#27;[32m200&amp#27;[39m &amp#27;[90m4523 ms - 137&amp#27;[39m
&amp#27;[38;5;0m[HTTP]&amp#27;[0m &amp#27;[90m&amp#27;[39m
&amp#27;[38;5;0m[HTTP]&amp#27;[0m &amp#27;[37m-->&amp#27;[39m &amp#27;[37mPOST&amp#27;[39m &amp#27;[37m/session/bee3a0b8-7433-4711-82cd-08ea2bd8fde8/element/00000000-0000-0035-ffff-ffff0000001a/click&amp#27;[39m
&amp#27;[38;5;0m[HTTP]&amp#27;[0m &amp#27;[90m{"id":"00000000-0000-0035-ffff-ffff0000001a"}&amp#27;[39m
[debug] &amp#27;[38;5;32m[AndroidUiautomator2Driver@5b50 (bee3a0b8)]&amp#27;[0m Calling AppiumDriver.click() with args: ["00000000-0000-0035-ffff-ffff0000001a","bee3a0b8-7433-4711-82cd-08ea2bd8fde8"]
[debug] &amp#27;[38;5;32m[AndroidUiautomator2Driver@5b50 (bee3a0b8)]&amp#27;[0m Matched '/element/00000000-0000-0035-ffff-ffff0000001a/click' to command name 'click'
[debug] &amp#27;[38;5;32m[AndroidUiautomator2Driver@5b50 (bee3a0b8)]&amp#27;[0m Proxying [POST /element/00000000-0000-0035-ffff-ffff0000001a/click] to [POST http://127.0.0.1:8200/session/85ad228a-5bfc-4075-9704-3b374344e125/element/00000000-0000-0035-ffff-ffff0000001a/click] with body: {"element":"00000000-0000-0035-ffff-ffff0000001a"}
[debug] &amp#27;[38;5;32m[AndroidUiautomator2Driver@5b50 (bee3a0b8)]&amp#27;[0m Got response with status 200: {"sessionId":"85ad228a-5bfc-4075-9704-3b374344e125","value":null}
[debug] &amp#27;[38;5;32m[AndroidUiautomator2Driver@5b50 (bee3a0b8)]&amp#27;[0m Responding to client with driver.click() result: null
&amp#27;[38;5;0m[HTTP]&amp#27;[0m &amp#27;[37m<-- POST /session/bee3a0b8-7433-4711-82cd-08ea2bd8fde8/element/00000000-0000-0035-ffff-ffff0000001a/click &amp#27;[39m&amp#27;[32m200&amp#27;[39m &amp#27;[90m161 ms - 14&amp#27;[39m
&amp#27;[38;5;0m[HTTP]&amp#27;[0m &amp#27;[90m&amp#27;[39m
&amp#27;[38;5;0m[HTTP]&amp#27;[0m &amp#27;[37m-->&amp#27;[39m &amp#27;[37mPOST&amp#27;[39m &amp#27;[37m/session/bee3a0b8-7433-4711-82cd-08ea2bd8fde8/element&amp#27;[39m
&amp#27;[38;5;0m[HTTP]&amp#27;[0m &amp#27;[90m{"using":"xpath","value":"//android.widget.TextView[@resource-id=\"android:id/text1\" and @text=\"Algeria\"]"}&amp#27;[39m
[debug] &amp#27;[38;5;32m[AndroidUiautomator2Driver@5b50 (bee3a0b8)]&amp#27;[0m Calling AppiumDriver.findElement() with args: ["xpath","//android.widget.TextView[@resource-id=\"android:id/text1\" and @text=\"Algeria\"]","bee3a0b8-7433-4711-82cd-08ea2bd8fde8"]
[debug] &amp#27;[38;5;32m[AndroidUiautomator2Driver@5b50 (bee3a0b8)]&amp#27;[0m Valid locator strategies for this request: xpath, id, class name, accessibility id, css selector, -android uiautomator
[debug] &amp#27;[38;5;32m[AndroidUiautomator2Driver@5b50 (bee3a0b8)]&amp#27;[0m Waiting up to 10000 ms for condition
[debug] &amp#27;[38;5;32m[AndroidUiautomator2Driver@5b50 (bee3a0b8)]&amp#27;[0m Matched '/element' to command name 'findElement'
[debug] &amp#27;[38;5;32m[AndroidUiautomator2Driver@5b50 (bee3a0b8)]&amp#27;[0m Proxying [POST /element] to [POST http://127.0.0.1:8200/session/85ad228a-5bfc-4075-9704-3b374344e125/element] with body: {"strategy":"xpath","selector":"//android.widget.TextView[@resource-id=\"android:id/text1\" and @text=\"Algeria\"]","context":"","multiple":false}
[debug] &amp#27;[38;5;32m[AndroidUiautomator2Driver@5b50 (bee3a0b8)]&amp#27;[0m Got response with status 200: {"sessionId":"85ad228a-5bfc-4075-9704-3b374344e125","value":{"ELEMENT":"00000000-0000-0036-ffff-ffff0000002b","element-6066-11e4-a52e-4f735466cecf":"00000000-0000-0036-ffff-ffff0000002b"}}
[debug] &amp#27;[38;5;32m[AndroidUiautomator2Driver@5b50 (bee3a0b8)]&amp#27;[0m Responding to client with driver.findElement() result: {"element-6066-11e4-a52e-4f735466cecf":"00000000-0000-0036-ffff-ffff0000002b","ELEMENT":"00000000-0000-0036-ffff-ffff0000002b"}
&amp#27;[38;5;0m[HTTP]&amp#27;[0m &amp#27;[37m<-- POST /session/bee3a0b8-7433-4711-82cd-08ea2bd8fde8/element &amp#27;[39m&amp#27;[32m200&amp#27;[39m &amp#27;[90m1273 ms - 137&amp#27;[39m
&amp#27;[38;5;0m[HTTP]&amp#27;[0m &amp#27;[90m&amp#27;[39m
&amp#27;[38;5;0m[HTTP]&amp#27;[0m &amp#27;[37m-->&amp#27;[39m &amp#27;[37mPOST&amp#27;[39m &amp#27;[37m/session/bee3a0b8-7433-4711-82cd-08ea2bd8fde8/element/00000000-0000-0036-ffff-ffff0000002b/click&amp#27;[39m
&amp#27;[38;5;0m[HTTP]&amp#27;[0m &amp#27;[90m{"id":"00000000-0000-0036-ffff-ffff0000002b"}&amp#27;[39m
[debug] &amp#27;[38;5;32m[AndroidUiautomator2Driver@5b50 (bee3a0b8)]&amp#27;[0m Calling AppiumDriver.click() with args: ["00000000-0000-0036-ffff-ffff0000002b","bee3a0b8-7433-4711-82cd-08ea2bd8fde8"]
[debug] &amp#27;[38;5;32m[AndroidUiautomator2Driver@5b50 (bee3a0b8)]&amp#27;[0m Matched '/element/00000000-0000-0036-ffff-ffff0000002b/click' to command name 'click'
[debug] &amp#27;[38;5;32m[AndroidUiautomator2Driver@5b50 (bee3a0b8)]&amp#27;[0m Proxying [POST /element/00000000-0000-0036-ffff-ffff0000002b/click] to [POST http://127.0.0.1:8200/session/85ad228a-5bfc-4075-9704-3b374344e125/element/00000000-0000-0036-ffff-ffff0000002b/click] with body: {"element":"00000000-0000-0036-ffff-ffff0000002b"}
[debug] &amp#27;[38;5;32m[AndroidUiautomator2Driver@5b50 (bee3a0b8)]&amp#27;[0m Got response with status 200: {"sessionId":"85ad228a-5bfc-4075-9704-3b374344e125","value":null}
[debug] &amp#27;[38;5;32m[AndroidUiautomator2Driver@5b50 (bee3a0b8)]&amp#27;[0m Responding to client with driver.click() result: null
&amp#27;[38;5;0m[HTTP]&amp#27;[0m &amp#27;[37m<-- POST /session/bee3a0b8-7433-4711-82cd-08ea2bd8fde8/element/00000000-0000-0036-ffff-ffff0000002b/click &amp#27;[39m&amp#27;[32m200&amp#27;[39m &amp#27;[90m1198 ms - 14&amp#27;[39m
&amp#27;[38;5;0m[HTTP]&amp#27;[0m &amp#27;[90m&amp#27;[39m
&amp#27;[38;5;0m[HTTP]&amp#27;[0m &amp#27;[37m-->&amp#27;[39m &amp#27;[37mPOST&amp#27;[39m &amp#27;[37m/session/bee3a0b8-7433-4711-82cd-08ea2bd8fde8/element&amp#27;[39m
&amp#27;[38;5;0m[HTTP]&amp#27;[0m &amp#27;[90m{"using":"id","value":"com.androidsample.generalstore:id/nameField"}&amp#27;[39m
[debug] &amp#27;[38;5;32m[AndroidUiautomator2Driver@5b50 (bee3a0b8)]&amp#27;[0m Calling AppiumDriver.findElement() with args: ["id","com.androidsample.generalstore:id/nameField","bee3a0b8-7433-4711-82cd-08ea2bd8fde8"]
[debug] &amp#27;[38;5;32m[AndroidUiautomator2Driver@5b50 (bee3a0b8)]&amp#27;[0m Valid locator strategies for this request: xpath, id, class name, accessibility id, css selector, -android uiautomator
[debug] &amp#27;[38;5;32m[AndroidUiautomator2Driver@5b50 (bee3a0b8)]&amp#27;[0m Waiting up to 10000 ms for condition
[debug] &amp#27;[38;5;32m[AndroidUiautomator2Driver@5b50 (bee3a0b8)]&amp#27;[0m Matched '/element' to command name 'findElement'
[debug] &amp#27;[38;5;32m[AndroidUiautomator2Driver@5b50 (bee3a0b8)]&amp#27;[0m Proxying [POST /element] to [POST http://127.0.0.1:8200/session/85ad228a-5bfc-4075-9704-3b374344e125/element] with body: {"strategy":"id","selector":"com.androidsample.generalstore:id/nameField","context":"","multiple":false}
[debug] &amp#27;[38;5;32m[AndroidUiautomator2Driver@5b50 (bee3a0b8)]&amp#27;[0m Got response with status 200: {"sessionId":"85ad228a-5bfc-4075-9704-3b374344e125","value":{"ELEMENT":"00000000-0000-0035-ffff-ffff0000001c","element-6066-11e4-a52e-4f735466cecf":"00000000-0000-0035-ffff-ffff0000001c"}}
[debug] &amp#27;[38;5;32m[AndroidUiautomator2Driver@5b50 (bee3a0b8)]&amp#27;[0m Responding to client with driver.findElement() result: {"element-6066-11e4-a52e-4f735466cecf":"00000000-0000-0035-ffff-ffff0000001c","ELEMENT":"00000000-0000-0035-ffff-ffff0000001c"}
&amp#27;[38;5;0m[HTTP]&amp#27;[0m &amp#27;[37m<-- POST /session/bee3a0b8-7433-4711-82cd-08ea2bd8fde8/element &amp#27;[39m&amp#27;[32m200&amp#27;[39m &amp#27;[90m174 ms - 137&amp#27;[39m
&amp#27;[38;5;0m[HTTP]&amp#27;[0m &amp#27;[90m&amp#27;[39m
&amp#27;[38;5;0m[HTTP]&amp#27;[0m &amp#27;[37m-->&amp#27;[39m &amp#27;[37mGET&amp#27;[39m &amp#27;[37m/session/bee3a0b8-7433-4711-82cd-08ea2bd8fde8/element/00000000-0000-0035-ffff-ffff0000001c/displayed&amp#27;[39m
&amp#27;[38;5;0m[HTTP]&amp#27;[0m &amp#27;[90m{}&amp#27;[39m
[debug] &amp#27;[38;5;32m[AndroidUiautomator2Driver@5b50 (bee3a0b8)]&amp#27;[0m Calling AppiumDriver.elementDisplayed() with args: ["00000000-0000-0035-ffff-ffff0000001c","bee3a0b8-7433-4711-82cd-08ea2bd8fde8"]
[debug] &amp#27;[38;5;32m[AndroidUiautomator2Driver@5b50 (bee3a0b8)]&amp#27;[0m Matched '/element/00000000-0000-0035-ffff-ffff0000001c/attribute/displayed' to command name 'getAttribute'
[debug] &amp#27;[38;5;32m[AndroidUiautomator2Driver@5b50 (bee3a0b8)]&amp#27;[0m Proxying [GET /element/00000000-0000-0035-ffff-ffff0000001c/attribute/displayed] to [GET http://127.0.0.1:8200/session/85ad228a-5bfc-4075-9704-3b374344e125/element/00000000-0000-0035-ffff-ffff0000001c/attribute/displayed] with no body
[debug] &amp#27;[38;5;32m[AndroidUiautomator2Driver@5b50 (bee3a0b8)]&amp#27;[0m Got response with status 200: {"sessionId":"85ad228a-5bfc-4075-9704-3b374344e125","value":"true"}
[debug] &amp#27;[38;5;32m[AndroidUiautomator2Driver@5b50 (bee3a0b8)]&amp#27;[0m Responding to client with driver.elementDisplayed() result: true
&amp#27;[38;5;0m[HTTP]&amp#27;[0m &amp#27;[37m<-- GET /session/bee3a0b8-7433-4711-82cd-08ea2bd8fde8/element/00000000-0000-0035-ffff-ffff0000001c/displayed &amp#27;[39m&amp#27;[32m200&amp#27;[39m &amp#27;[90m52 ms - 14&amp#27;[39m
&amp#27;[38;5;0m[HTTP]&amp#27;[0m &amp#27;[90m&amp#27;[39m
&amp#27;[38;5;0m[HTTP]&amp#27;[0m &amp#27;[37m-->&amp#27;[39m &amp#27;[37mPOST&amp#27;[39m &amp#27;[37m/session/bee3a0b8-7433-4711-82cd-08ea2bd8fde8/element&amp#27;[39m
&amp#27;[38;5;0m[HTTP]&amp#27;[0m &amp#27;[90m{"using":"id","value":"com.androidsample.generalstore:id/nameField"}&amp#27;[39m
[debug] &amp#27;[38;5;32m[AndroidUiautomator2Driver@5b50 (bee3a0b8)]&amp#27;[0m Calling AppiumDriver.findElement() with args: ["id","com.androidsample.generalstore:id/nameField","bee3a0b8-7433-4711-82cd-08ea2bd8fde8"]
[debug] &amp#27;[38;5;32m[AndroidUiautomator2Driver@5b50 (bee3a0b8)]&amp#27;[0m Valid locator strategies for this request: xpath, id, class name, accessibility id, css selector, -android uiautomator
[debug] &amp#27;[38;5;32m[AndroidUiautomator2Driver@5b50 (bee3a0b8)]&amp#27;[0m Waiting up to 10000 ms for condition
[debug] &amp#27;[38;5;32m[AndroidUiautomator2Driver@5b50 (bee3a0b8)]&amp#27;[0m Matched '/element' to command name 'findElement'
[debug] &amp#27;[38;5;32m[AndroidUiautomator2Driver@5b50 (bee3a0b8)]&amp#27;[0m Proxying [POST /element] to [POST http://127.0.0.1:8200/session/85ad228a-5bfc-4075-9704-3b374344e125/element] with body: {"strategy":"id","selector":"com.androidsample.generalstore:id/nameField","context":"","multiple":false}
[debug] &amp#27;[38;5;32m[AndroidUiautomator2Driver@5b50 (bee3a0b8)]&amp#27;[0m Got response with status 200: {"sessionId":"85ad228a-5bfc-4075-9704-3b374344e125","value":{"ELEMENT":"00000000-0000-0035-ffff-ffff0000001c","element-6066-11e4-a52e-4f735466cecf":"00000000-0000-0035-ffff-ffff0000001c"}}
[debug] &amp#27;[38;5;32m[AndroidUiautomator2Driver@5b50 (bee3a0b8)]&amp#27;[0m Responding to client with driver.findElement() result: {"element-6066-11e4-a52e-4f735466cecf":"00000000-0000-0035-ffff-ffff0000001c","ELEMENT":"00000000-0000-0035-ffff-ffff0000001c"}
&amp#27;[38;5;0m[HTTP]&amp#27;[0m &amp#27;[37m<-- POST /session/bee3a0b8-7433-4711-82cd-08ea2bd8fde8/element &amp#27;[39m&amp#27;[32m200&amp#27;[39m &amp#27;[90m127 ms - 137&amp#27;[39m
&amp#27;[38;5;0m[HTTP]&amp#27;[0m &amp#27;[90m&amp#27;[39m
&amp#27;[38;5;0m[HTTP]&amp#27;[0m &amp#27;[37m-->&amp#27;[39m &amp#27;[37mPOST&amp#27;[39m &amp#27;[37m/session/bee3a0b8-7433-4711-82cd-08ea2bd8fde8/element/00000000-0000-0035-ffff-ffff0000001c/value&amp#27;[39m
&amp#27;[38;5;0m[HTTP]&amp#27;[0m &amp#27;[90m{"id":"00000000-0000-0035-ffff-ffff0000001c","text":"Salim Souidi","value":["S","a","l","i","m"," ","S","o","u","i","d","i"]}&amp#27;[39m
[debug] &amp#27;[38;5;32m[AndroidUiautomator2Driver@5b50 (bee3a0b8)]&amp#27;[0m Calling AppiumDriver.setValue() with args: [["S","a","l","i","m"," ","S","o","u","i","d","i"],"00000000-0000-0035-ffff-ffff0000001c","bee3a0b8-7433-4711-82cd-08ea2bd8fde8"]
[debug] &amp#27;[38;5;32m[AndroidUiautomator2Driver@5b50 (bee3a0b8)]&amp#27;[0m Matched '/element/00000000-0000-0035-ffff-ffff0000001c/value' to command name 'setValue'
[debug] &amp#27;[38;5;32m[AndroidUiautomator2Driver@5b50 (bee3a0b8)]&amp#27;[0m Added 'value' property ["S","a","l","i","m"," ","S","o","u","i","d","i"] to 'setValue' request body
[debug] &amp#27;[38;5;32m[AndroidUiautomator2Driver@5b50 (bee3a0b8)]&amp#27;[0m Proxying [POST /element/00000000-0000-0035-ffff-ffff0000001c/value] to [POST http://127.0.0.1:8200/session/85ad228a-5bfc-4075-9704-3b374344e125/element/00000000-0000-0035-ffff-ffff0000001c/value] with body: {"elementId":"00000000-0000-0035-ffff-ffff0000001c","text":"Salim Souidi","replace":false,"value":["S","a","l","i","m"," ","S","o","u","i","d","i"]}
[debug] &amp#27;[38;5;32m[AndroidUiautomator2Driver@5b50 (bee3a0b8)]&amp#27;[0m Got response with status 200: {"sessionId":"85ad228a-5bfc-4075-9704-3b374344e125","value":null}
[debug] &amp#27;[38;5;32m[AndroidUiautomator2Driver@5b50 (bee3a0b8)]&amp#27;[0m Responding to client with driver.setValue() result: null
&amp#27;[38;5;0m[HTTP]&amp#27;[0m &amp#27;[37m<-- POST /session/bee3a0b8-7433-4711-82cd-08ea2bd8fde8/element/00000000-0000-0035-ffff-ffff0000001c/value &amp#27;[39m&amp#27;[32m200&amp#27;[39m &amp#27;[90m743 ms - 14&amp#27;[39m
&amp#27;[38;5;0m[HTTP]&amp#27;[0m &amp#27;[90m&amp#27;[39m
&amp#27;[38;5;0m[HTTP]&amp#27;[0m &amp#27;[37m-->&amp#27;[39m &amp#27;[37mPOST&amp#27;[39m &amp#27;[37m/session/bee3a0b8-7433-4711-82cd-08ea2bd8fde8/element&amp#27;[39m
&amp#27;[38;5;0m[HTTP]&amp#27;[0m &amp#27;[90m{"using":"id","value":"com.androidsample.generalstore:id/btnLetsShop"}&amp#27;[39m
[debug] &amp#27;[38;5;32m[AndroidUiautomator2Driver@5b50 (bee3a0b8)]&amp#27;[0m Calling AppiumDriver.findElement() with args: ["id","com.androidsample.generalstore:id/btnLetsShop","bee3a0b8-7433-4711-82cd-08ea2bd8fde8"]
[debug] &amp#27;[38;5;32m[AndroidUiautomator2Driver@5b50 (bee3a0b8)]&amp#27;[0m Valid locator strategies for this request: xpath, id, class name, accessibility id, css selector, -android uiautomator
[debug] &amp#27;[38;5;32m[AndroidUiautomator2Driver@5b50 (bee3a0b8)]&amp#27;[0m Waiting up to 10000 ms for condition
[debug] &amp#27;[38;5;32m[AndroidUiautomator2Driver@5b50 (bee3a0b8)]&amp#27;[0m Matched '/element' to command name 'findElement'
[debug] &amp#27;[38;5;32m[AndroidUiautomator2Driver@5b50 (bee3a0b8)]&amp#27;[0m Proxying [POST /element] to [POST http://127.0.0.1:8200/session/85ad228a-5bfc-4075-9704-3b374344e125/element] with body: {"strategy":"id","selector":"com.androidsample.generalstore:id/btnLetsShop","context":"","multiple":false}
[debug] &amp#27;[38;5;32m[AndroidUiautomator2Driver@5b50 (bee3a0b8)]&amp#27;[0m Got response with status 200: {"sessionId":"85ad228a-5bfc-4075-9704-3b374344e125","value":{"ELEMENT":"00000000-0000-0035-ffff-ffff00000021","element-6066-11e4-a52e-4f735466cecf":"00000000-0000-0035-ffff-ffff00000021"}}
[debug] &amp#27;[38;5;32m[AndroidUiautomator2Driver@5b50 (bee3a0b8)]&amp#27;[0m Responding to client with driver.findElement() result: {"element-6066-11e4-a52e-4f735466cecf":"00000000-0000-0035-ffff-ffff00000021","ELEMENT":"00000000-0000-0035-ffff-ffff00000021"}
&amp#27;[38;5;0m[HTTP]&amp#27;[0m &amp#27;[37m<-- POST /session/bee3a0b8-7433-4711-82cd-08ea2bd8fde8/element &amp#27;[39m&amp#27;[32m200&amp#27;[39m &amp#27;[90m670 ms - 137&amp#27;[39m
&amp#27;[38;5;0m[HTTP]&amp#27;[0m &amp#27;[90m&amp#27;[39m
&amp#27;[38;5;0m[HTTP]&amp#27;[0m &amp#27;[37m-->&amp#27;[39m &amp#27;[37mPOST&amp#27;[39m &amp#27;[37m/session/bee3a0b8-7433-4711-82cd-08ea2bd8fde8/element/00000000-0000-0035-ffff-ffff00000021/click&amp#27;[39m
&amp#27;[38;5;0m[HTTP]&amp#27;[0m &amp#27;[90m{"id":"00000000-0000-0035-ffff-ffff00000021"}&amp#27;[39m
[debug] &amp#27;[38;5;32m[AndroidUiautomator2Driver@5b50 (bee3a0b8)]&amp#27;[0m Calling AppiumDriver.click() with args: ["00000000-0000-0035-ffff-ffff00000021","bee3a0b8-7433-4711-82cd-08ea2bd8fde8"]
[debug] &amp#27;[38;5;32m[AndroidUiautomator2Driver@5b50 (bee3a0b8)]&amp#27;[0m Matched '/element/00000000-0000-0035-ffff-ffff00000021/click' to command name 'click'
[debug] &amp#27;[38;5;32m[AndroidUiautomator2Driver@5b50 (bee3a0b8)]&amp#27;[0m Proxying [POST /element/00000000-0000-0035-ffff-ffff00000021/click] to [POST http://127.0.0.1:8200/session/85ad228a-5bfc-4075-9704-3b374344e125/element/00000000-0000-0035-ffff-ffff00000021/click] with body: {"element":"00000000-0000-0035-ffff-ffff00000021"}
[debug] &amp#27;[38;5;32m[AndroidUiautomator2Driver@5b50 (bee3a0b8)]&amp#27;[0m Got response with status 200: {"sessionId":"85ad228a-5bfc-4075-9704-3b374344e125","value":null}
[debug] &amp#27;[38;5;32m[AndroidUiautomator2Driver@5b50 (bee3a0b8)]&amp#27;[0m Responding to client with driver.click() result: null
&amp#27;[38;5;0m[HTTP]&amp#27;[0m &amp#27;[37m<-- POST /session/bee3a0b8-7433-4711-82cd-08ea2bd8fde8/element/00000000-0000-0035-ffff-ffff00000021/click &amp#27;[39m&amp#27;[32m200&amp#27;[39m &amp#27;[90m115 ms - 14&amp#27;[39m
&amp#27;[38;5;0m[HTTP]&amp#27;[0m &amp#27;[90m&amp#27;[39m
]]></system-out>
    <system-err><![CDATA[SLF4J(W): No SLF4J providers were found.
SLF4J(W): Defaulting to no-operation (NOP) logger implementation
SLF4J(W): See https://www.slf4j.org/codes.html#noProviders for further details.
]]></system-err>
  </testcase>
  <testcase name="addItemToCart" classname="storeApp.ShopStoreApp" time="4.842">
    <system-out><![CDATA[&amp#27;[38;5;0m[HTTP]&amp#27;[0m &amp#27;[37m-->&amp#27;[39m &amp#27;[37mPOST&amp#27;[39m &amp#27;[37m/session/bee3a0b8-7433-4711-82cd-08ea2bd8fde8/element&amp#27;[39m
&amp#27;[38;5;0m[HTTP]&amp#27;[0m &amp#27;[90m{"using":"xpath","value":"(//android.widget.TextView[@resource-id=\"com.androidsample.generalstore:id/productAddCart\"])[1]"}&amp#27;[39m
[debug] &amp#27;[38;5;32m[AndroidUiautomator2Driver@5b50 (bee3a0b8)]&amp#27;[0m Calling AppiumDriver.findElement() with args: ["xpath","(//android.widget.TextView[@resource-id=\"com.androidsample.generalstore:id/productAddCart\"])[1]","bee3a0b8-7433-4711-82cd-08ea2bd8fde8"]
[debug] &amp#27;[38;5;32m[AndroidUiautomator2Driver@5b50 (bee3a0b8)]&amp#27;[0m Valid locator strategies for this request: xpath, id, class name, accessibility id, css selector, -android uiautomator
[debug] &amp#27;[38;5;32m[AndroidUiautomator2Driver@5b50 (bee3a0b8)]&amp#27;[0m Waiting up to 10000 ms for condition
[debug] &amp#27;[38;5;32m[AndroidUiautomator2Driver@5b50 (bee3a0b8)]&amp#27;[0m Matched '/element' to command name 'findElement'
[debug] &amp#27;[38;5;32m[AndroidUiautomator2Driver@5b50 (bee3a0b8)]&amp#27;[0m Proxying [POST /element] to [POST http://127.0.0.1:8200/session/85ad228a-5bfc-4075-9704-3b374344e125/element] with body: {"strategy":"xpath","selector":"(//android.widget.TextView[@resource-id=\"com.androidsample.generalstore:id/productAddCart\"])[1]","context":"","multiple":false}
&amp#27;[38;5;32m[AndroidUiautomator2Driver@5b50 (bee3a0b8)]&amp#27;[0m Got response with status 404: {"sessionId":"85ad228a-5bfc-4075-9704-3b374344e125","value":{"error":"no such element","message":"An element could not be located on the page using the given search parameters","stacktrace":"io.appium.uiautomator2.common.exceptions.ElementNotFoundException: An element could not be located on the page using the given search parameters\n\tat io.appium.uiautomator2.utils.ElementLocationHelpers.findElement(ElementLocationHelpers.java:156)\n\tat io.appium.uiautomator2.handler.FindElement.safeHandle(FindElement.java:60)\n\tat io.appium.uiautomator2.handler.request.SafeRequestHandler.handle(SafeRequestHandler.java:59)\n\tat io.appium.uiautomator2.server.AppiumServlet.handleRequest(AppiumServlet.java:259)\n\tat io.appium.uiautomator2.server.AppiumServlet.handleHttpRequest(AppiumServlet.java:253)\n\tat io.appium.uiautomator2.http.ServerHandler.channelRead(ServerHandler.java:77)\n\tat io.netty.channel.AbstractChannelHandlerContext.invokeChannelRead(AbstractChannelHandlerContext.java:366)\n\tat io.netty.channel.Abstr...
[debug] &amp#27;[38;5;112m[W3C]&amp#27;[0m Matched W3C error code 'no such element' to NoSuchElementError
[debug] &amp#27;[38;5;32m[AndroidUiautomator2Driver@5b50 (bee3a0b8)]&amp#27;[0m Waited for 986 ms so far
[debug] &amp#27;[38;5;32m[AndroidUiautomator2Driver@5b50 (bee3a0b8)]&amp#27;[0m Matched '/element' to command name 'findElement'
[debug] &amp#27;[38;5;32m[AndroidUiautomator2Driver@5b50 (bee3a0b8)]&amp#27;[0m Proxying [POST /element] to [POST http://127.0.0.1:8200/session/85ad228a-5bfc-4075-9704-3b374344e125/element] with body: {"strategy":"xpath","selector":"(//android.widget.TextView[@resource-id=\"com.androidsample.generalstore:id/productAddCart\"])[1]","context":"","multiple":false}
[debug] &amp#27;[38;5;32m[AndroidUiautomator2Driver@5b50 (bee3a0b8)]&amp#27;[0m Got response with status 200: {"sessionId":"85ad228a-5bfc-4075-9704-3b374344e125","value":{"ELEMENT":"00000000-0000-0037-ffff-ffff00000050","element-6066-11e4-a52e-4f735466cecf":"00000000-0000-0037-ffff-ffff00000050"}}
[debug] &amp#27;[38;5;32m[AndroidUiautomator2Driver@5b50 (bee3a0b8)]&amp#27;[0m Responding to client with driver.findElement() result: {"element-6066-11e4-a52e-4f735466cecf":"00000000-0000-0037-ffff-ffff00000050","ELEMENT":"00000000-0000-0037-ffff-ffff00000050"}
&amp#27;[38;5;0m[HTTP]&amp#27;[0m &amp#27;[37m<-- POST /session/bee3a0b8-7433-4711-82cd-08ea2bd8fde8/element &amp#27;[39m&amp#27;[32m200&amp#27;[39m &amp#27;[90m2294 ms - 137&amp#27;[39m
&amp#27;[38;5;0m[HTTP]&amp#27;[0m &amp#27;[90m&amp#27;[39m
&amp#27;[38;5;0m[HTTP]&amp#27;[0m &amp#27;[37m-->&amp#27;[39m &amp#27;[37mPOST&amp#27;[39m &amp#27;[37m/session/bee3a0b8-7433-4711-82cd-08ea2bd8fde8/element/00000000-0000-0037-ffff-ffff00000050/click&amp#27;[39m
&amp#27;[38;5;0m[HTTP]&amp#27;[0m &amp#27;[90m{"id":"00000000-0000-0037-ffff-ffff00000050"}&amp#27;[39m
[debug] &amp#27;[38;5;32m[AndroidUiautomator2Driver@5b50 (bee3a0b8)]&amp#27;[0m Calling AppiumDriver.click() with args: ["00000000-0000-0037-ffff-ffff00000050","bee3a0b8-7433-4711-82cd-08ea2bd8fde8"]
[debug] &amp#27;[38;5;32m[AndroidUiautomator2Driver@5b50 (bee3a0b8)]&amp#27;[0m Matched '/element/00000000-0000-0037-ffff-ffff00000050/click' to command name 'click'
[debug] &amp#27;[38;5;32m[AndroidUiautomator2Driver@5b50 (bee3a0b8)]&amp#27;[0m Proxying [POST /element/00000000-0000-0037-ffff-ffff00000050/click] to [POST http://127.0.0.1:8200/session/85ad228a-5bfc-4075-9704-3b374344e125/element/00000000-0000-0037-ffff-ffff00000050/click] with body: {"element":"00000000-0000-0037-ffff-ffff00000050"}
[debug] &amp#27;[38;5;32m[AndroidUiautomator2Driver@5b50 (bee3a0b8)]&amp#27;[0m Got response with status 200: {"sessionId":"85ad228a-5bfc-4075-9704-3b374344e125","value":null}
[debug] &amp#27;[38;5;32m[AndroidUiautomator2Driver@5b50 (bee3a0b8)]&amp#27;[0m Responding to client with driver.click() result: null
&amp#27;[38;5;0m[HTTP]&amp#27;[0m &amp#27;[37m<-- POST /session/bee3a0b8-7433-4711-82cd-08ea2bd8fde8/element/00000000-0000-0037-ffff-ffff00000050/click &amp#27;[39m&amp#27;[32m200&amp#27;[39m &amp#27;[90m646 ms - 14&amp#27;[39m
&amp#27;[38;5;0m[HTTP]&amp#27;[0m &amp#27;[90m&amp#27;[39m
&amp#27;[38;5;0m[HTTP]&amp#27;[0m &amp#27;[37m-->&amp#27;[39m &amp#27;[37mPOST&amp#27;[39m &amp#27;[37m/session/bee3a0b8-7433-4711-82cd-08ea2bd8fde8/element&amp#27;[39m
&amp#27;[38;5;0m[HTTP]&amp#27;[0m &amp#27;[90m{"using":"xpath","value":"(//android.widget.TextView[@resource-id=\"com.androidsample.generalstore:id/productAddCart\"])[2]"}&amp#27;[39m
[debug] &amp#27;[38;5;32m[AndroidUiautomator2Driver@5b50 (bee3a0b8)]&amp#27;[0m Calling AppiumDriver.findElement() with args: ["xpath","(//android.widget.TextView[@resource-id=\"com.androidsample.generalstore:id/productAddCart\"])[2]","bee3a0b8-7433-4711-82cd-08ea2bd8fde8"]
[debug] &amp#27;[38;5;32m[AndroidUiautomator2Driver@5b50 (bee3a0b8)]&amp#27;[0m Valid locator strategies for this request: xpath, id, class name, accessibility id, css selector, -android uiautomator
[debug] &amp#27;[38;5;32m[AndroidUiautomator2Driver@5b50 (bee3a0b8)]&amp#27;[0m Waiting up to 10000 ms for condition
[debug] &amp#27;[38;5;32m[AndroidUiautomator2Driver@5b50 (bee3a0b8)]&amp#27;[0m Matched '/element' to command name 'findElement'
[debug] &amp#27;[38;5;32m[AndroidUiautomator2Driver@5b50 (bee3a0b8)]&amp#27;[0m Proxying [POST /element] to [POST http://127.0.0.1:8200/session/85ad228a-5bfc-4075-9704-3b374344e125/element] with body: {"strategy":"xpath","selector":"(//android.widget.TextView[@resource-id=\"com.androidsample.generalstore:id/productAddCart\"])[2]","context":"","multiple":false}
[debug] &amp#27;[38;5;32m[AndroidUiautomator2Driver@5b50 (bee3a0b8)]&amp#27;[0m Got response with status 200: {"sessionId":"85ad228a-5bfc-4075-9704-3b374344e125","value":{"ELEMENT":"00000000-0000-0037-ffff-ffff00000058","element-6066-11e4-a52e-4f735466cecf":"00000000-0000-0037-ffff-ffff00000058"}}
[debug] &amp#27;[38;5;32m[AndroidUiautomator2Driver@5b50 (bee3a0b8)]&amp#27;[0m Responding to client with driver.findElement() result: {"element-6066-11e4-a52e-4f735466cecf":"00000000-0000-0037-ffff-ffff00000058","ELEMENT":"00000000-0000-0037-ffff-ffff00000058"}
&amp#27;[38;5;0m[HTTP]&amp#27;[0m &amp#27;[37m<-- POST /session/bee3a0b8-7433-4711-82cd-08ea2bd8fde8/element &amp#27;[39m&amp#27;[32m200&amp#27;[39m &amp#27;[90m306 ms - 137&amp#27;[39m
&amp#27;[38;5;0m[HTTP]&amp#27;[0m &amp#27;[90m&amp#27;[39m
&amp#27;[38;5;0m[HTTP]&amp#27;[0m &amp#27;[37m-->&amp#27;[39m &amp#27;[37mPOST&amp#27;[39m &amp#27;[37m/session/bee3a0b8-7433-4711-82cd-08ea2bd8fde8/element/00000000-0000-0037-ffff-ffff00000058/click&amp#27;[39m
&amp#27;[38;5;0m[HTTP]&amp#27;[0m &amp#27;[90m{"id":"00000000-0000-0037-ffff-ffff00000058"}&amp#27;[39m
[debug] &amp#27;[38;5;32m[AndroidUiautomator2Driver@5b50 (bee3a0b8)]&amp#27;[0m Calling AppiumDriver.click() with args: ["00000000-0000-0037-ffff-ffff00000058","bee3a0b8-7433-4711-82cd-08ea2bd8fde8"]
[debug] &amp#27;[38;5;32m[AndroidUiautomator2Driver@5b50 (bee3a0b8)]&amp#27;[0m Matched '/element/00000000-0000-0037-ffff-ffff00000058/click' to command name 'click'
[debug] &amp#27;[38;5;32m[AndroidUiautomator2Driver@5b50 (bee3a0b8)]&amp#27;[0m Proxying [POST /element/00000000-0000-0037-ffff-ffff00000058/click] to [POST http://127.0.0.1:8200/session/85ad228a-5bfc-4075-9704-3b374344e125/element/00000000-0000-0037-ffff-ffff00000058/click] with body: {"element":"00000000-0000-0037-ffff-ffff00000058"}
[debug] &amp#27;[38;5;32m[AndroidUiautomator2Driver@5b50 (bee3a0b8)]&amp#27;[0m Got response with status 200: {"sessionId":"85ad228a-5bfc-4075-9704-3b374344e125","value":null}
[debug] &amp#27;[38;5;32m[AndroidUiautomator2Driver@5b50 (bee3a0b8)]&amp#27;[0m Responding to client with driver.click() result: null
&amp#27;[38;5;0m[HTTP]&amp#27;[0m &amp#27;[37m<-- POST /session/bee3a0b8-7433-4711-82cd-08ea2bd8fde8/element/00000000-0000-0037-ffff-ffff00000058/click &amp#27;[39m&amp#27;[32m200&amp#27;[39m &amp#27;[90m141 ms - 14&amp#27;[39m
&amp#27;[38;5;0m[HTTP]&amp#27;[0m &amp#27;[90m&amp#27;[39m
&amp#27;[38;5;0m[HTTP]&amp#27;[0m &amp#27;[37m-->&amp#27;[39m &amp#27;[37mPOST&amp#27;[39m &amp#27;[37m/session/bee3a0b8-7433-4711-82cd-08ea2bd8fde8/element&amp#27;[39m
&amp#27;[38;5;0m[HTTP]&amp#27;[0m &amp#27;[90m{"using":"xpath","value":"//android.widget.TextView[@resource-id=\"com.androidsample.generalstore:id/productAddCart\" and @text=\"ADDED TO CART\"]"}&amp#27;[39m
[debug] &amp#27;[38;5;32m[AndroidUiautomator2Driver@5b50 (bee3a0b8)]&amp#27;[0m Calling AppiumDriver.findElement() with args: ["xpath","//android.widget.TextView[@resource-id=\"com.androidsample.generalstore:id/productAddCart\" and @text=\"ADDED TO CART\"]","bee3a0b8-7433-4711-82cd-08ea2bd8fde8"]
[debug] &amp#27;[38;5;32m[AndroidUiautomator2Driver@5b50 (bee3a0b8)]&amp#27;[0m Valid locator strategies for this request: xpath, id, class name, accessibility id, css selector, -android uiautomator
[debug] &amp#27;[38;5;32m[AndroidUiautomator2Driver@5b50 (bee3a0b8)]&amp#27;[0m Waiting up to 10000 ms for condition
[debug] &amp#27;[38;5;32m[AndroidUiautomator2Driver@5b50 (bee3a0b8)]&amp#27;[0m Matched '/element' to command name 'findElement'
[debug] &amp#27;[38;5;32m[AndroidUiautomator2Driver@5b50 (bee3a0b8)]&amp#27;[0m Proxying [POST /element] to [POST http://127.0.0.1:8200/session/85ad228a-5bfc-4075-9704-3b374344e125/element] with body: {"strategy":"xpath","selector":"//android.widget.TextView[@resource-id=\"com.androidsample.generalstore:id/productAddCart\" and @text=\"ADDED TO CART\"]","context":"","multiple":false}
[debug] &amp#27;[38;5;32m[AndroidUiautomator2Driver@5b50 (bee3a0b8)]&amp#27;[0m Got response with status 200: {"sessionId":"85ad228a-5bfc-4075-9704-3b374344e125","value":{"ELEMENT":"00000000-0000-0037-ffff-ffff00000050","element-6066-11e4-a52e-4f735466cecf":"00000000-0000-0037-ffff-ffff00000050"}}
[debug] &amp#27;[38;5;32m[AndroidUiautomator2Driver@5b50 (bee3a0b8)]&amp#27;[0m Responding to client with driver.findElement() result: {"element-6066-11e4-a52e-4f735466cecf":"00000000-0000-0037-ffff-ffff00000050","ELEMENT":"00000000-0000-0037-ffff-ffff00000050"}
&amp#27;[38;5;0m[HTTP]&amp#27;[0m &amp#27;[37m<-- POST /session/bee3a0b8-7433-4711-82cd-08ea2bd8fde8/element &amp#27;[39m&amp#27;[32m200&amp#27;[39m &amp#27;[90m897 ms - 137&amp#27;[39m
&amp#27;[38;5;0m[HTTP]&amp#27;[0m &amp#27;[90m&amp#27;[39m
&amp#27;[38;5;0m[HTTP]&amp#27;[0m &amp#27;[37m-->&amp#27;[39m &amp#27;[37mGET&amp#27;[39m &amp#27;[37m/session/bee3a0b8-7433-4711-82cd-08ea2bd8fde8/element/00000000-0000-0037-ffff-ffff00000050/displayed&amp#27;[39m
&amp#27;[38;5;0m[HTTP]&amp#27;[0m &amp#27;[90m{}&amp#27;[39m
[debug] &amp#27;[38;5;32m[AndroidUiautomator2Driver@5b50 (bee3a0b8)]&amp#27;[0m Calling AppiumDriver.elementDisplayed() with args: ["00000000-0000-0037-ffff-ffff00000050","bee3a0b8-7433-4711-82cd-08ea2bd8fde8"]
[debug] &amp#27;[38;5;32m[AndroidUiautomator2Driver@5b50 (bee3a0b8)]&amp#27;[0m Matched '/element/00000000-0000-0037-ffff-ffff00000050/attribute/displayed' to command name 'getAttribute'
[debug] &amp#27;[38;5;32m[AndroidUiautomator2Driver@5b50 (bee3a0b8)]&amp#27;[0m Proxying [GET /element/00000000-0000-0037-ffff-ffff00000050/attribute/displayed] to [GET http://127.0.0.1:8200/session/85ad228a-5bfc-4075-9704-3b374344e125/element/00000000-0000-0037-ffff-ffff00000050/attribute/displayed] with no body
[debug] &amp#27;[38;5;32m[AndroidUiautomator2Driver@5b50 (bee3a0b8)]&amp#27;[0m Got response with status 200: {"sessionId":"85ad228a-5bfc-4075-9704-3b374344e125","value":"true"}
[debug] &amp#27;[38;5;32m[AndroidUiautomator2Driver@5b50 (bee3a0b8)]&amp#27;[0m Responding to client with driver.elementDisplayed() result: true
&amp#27;[38;5;0m[HTTP]&amp#27;[0m &amp#27;[37m<-- GET /session/bee3a0b8-7433-4711-82cd-08ea2bd8fde8/element/00000000-0000-0037-ffff-ffff00000050/displayed &amp#27;[39m&amp#27;[32m200&amp#27;[39m &amp#27;[90m47 ms - 14&amp#27;[39m
&amp#27;[38;5;0m[HTTP]&amp#27;[0m &amp#27;[90m&amp#27;[39m
&amp#27;[38;5;0m[HTTP]&amp#27;[0m &amp#27;[37m-->&amp#27;[39m &amp#27;[37mPOST&amp#27;[39m &amp#27;[37m/session/bee3a0b8-7433-4711-82cd-08ea2bd8fde8/element&amp#27;[39m
&amp#27;[38;5;0m[HTTP]&amp#27;[0m &amp#27;[90m{"using":"xpath","value":"//android.widget.TextView[@resource-id=\"com.androidsample.generalstore:id/productAddCart\" and @text=\"ADDED TO CART\"]"}&amp#27;[39m
[debug] &amp#27;[38;5;32m[AndroidUiautomator2Driver@5b50 (bee3a0b8)]&amp#27;[0m Calling AppiumDriver.findElement() with args: ["xpath","//android.widget.TextView[@resource-id=\"com.androidsample.generalstore:id/productAddCart\" and @text=\"ADDED TO CART\"]","bee3a0b8-7433-4711-82cd-08ea2bd8fde8"]
[debug] &amp#27;[38;5;32m[AndroidUiautomator2Driver@5b50 (bee3a0b8)]&amp#27;[0m Valid locator strategies for this request: xpath, id, class name, accessibility id, css selector, -android uiautomator
[debug] &amp#27;[38;5;32m[AndroidUiautomator2Driver@5b50 (bee3a0b8)]&amp#27;[0m Waiting up to 10000 ms for condition
[debug] &amp#27;[38;5;32m[AndroidUiautomator2Driver@5b50 (bee3a0b8)]&amp#27;[0m Matched '/element' to command name 'findElement'
[debug] &amp#27;[38;5;32m[AndroidUiautomator2Driver@5b50 (bee3a0b8)]&amp#27;[0m Proxying [POST /element] to [POST http://127.0.0.1:8200/session/85ad228a-5bfc-4075-9704-3b374344e125/element] with body: {"strategy":"xpath","selector":"//android.widget.TextView[@resource-id=\"com.androidsample.generalstore:id/productAddCart\" and @text=\"ADDED TO CART\"]","context":"","multiple":false}
[debug] &amp#27;[38;5;32m[AndroidUiautomator2Driver@5b50 (bee3a0b8)]&amp#27;[0m Got response with status 200: {"sessionId":"85ad228a-5bfc-4075-9704-3b374344e125","value":{"ELEMENT":"00000000-0000-0037-ffff-ffff00000050","element-6066-11e4-a52e-4f735466cecf":"00000000-0000-0037-ffff-ffff00000050"}}
[...]
[debug] &amp#27;[38;5;112m[W3C]&amp#27;[0m Matched W3C error code 'no such element' to NoSuchElementError
[debug] &amp#27;[38;5;32m[AndroidUiautomator2Driver@5b50 (bee3a0b8)]&amp#27;[0m Waited for 5380 ms so far
[debug] &amp#27;[38;5;32m[AndroidUiautomator2Driver@5b50 (bee3a0b8)]&amp#27;[0m Matched '/element' to command name 'findElement'
[debug] &amp#27;[38;5;32m[AndroidUiautomator2Driver@5b50 (bee3a0b8)]&amp#27;[0m Proxying [POST /element] to [POST http://127.0.0.1:8200/session/85ad228a-5bfc-4075-9704-3b374344e125/element] with body: {"strategy":"xpath","selector":"//android.support.v7.widget.RecyclerView[@resource-id='com.androidsample.generalstore:id/rvCartProductList']/android.widget.RelativeLayout[4]/android.widget.LinearLayout","context":"","multiple":false}
&amp#27;[38;5;32m[AndroidUiautomator2Driver@5b50 (bee3a0b8)]&amp#27;[0m Got response with status 404: {"sessionId":"85ad228a-5bfc-4075-9704-3b374344e125","value":{"error":"no such element","message":"An element could not be located on the page using the given search parameters","stacktrace":"io.appium.uiautomator2.common.exceptions.ElementNotFoundException: An element could not be located on the page using the given search parameters\n\tat io.appium.uiautomator2.utils.ElementLocationHelpers.findElement(ElementLocationHelpers.java:156)\n\tat io.appium.uiautomator2.handler.FindElement.safeHandle(FindElement.java:60)\n\tat io.appium.uiautomator2.handler.request.SafeRequestHandler.handle(SafeRequestHandler.java:59)\n\tat io.appium.uiautomator2.server.AppiumServlet.handleRequest(AppiumServlet.java:259)\n\tat io.appium.uiautomator2.server.AppiumServlet.handleHttpRequest(AppiumServlet.java:253)\n\tat io.appium.uiautomator2.http.ServerHandler.channelRead(ServerHandler.java:77)\n\tat io.netty.channel.AbstractChannelHandlerContext.invokeChannelRead(AbstractChannelHandlerContext.java:366)\n\tat io.netty.channel.Abstr...
[debug] &amp#27;[38;5;112m[W3C]&amp#27;[0m Matched W3C error code 'no such element' to NoSuchElementError
[debug] &amp#27;[38;5;32m[AndroidUiautomator2Driver@5b50 (bee3a0b8)]&amp#27;[0m Waited for 6158 ms so far
[debug] &amp#27;[38;5;32m[AndroidUiautomator2Driver@5b50 (bee3a0b8)]&amp#27;[0m Matched '/element' to command name 'findElement'
[debug] &amp#27;[38;5;32m[AndroidUiautomator2Driver@5b50 (bee3a0b8)]&amp#27;[0m Proxying [POST /element] to [POST http://127.0.0.1:8200/session/85ad228a-5bfc-4075-9704-3b374344e125/element] with body: {"strategy":"xpath","selector":"//android.support.v7.widget.RecyclerView[@resource-id='com.androidsample.generalstore:id/rvCartProductList']/android.widget.RelativeLayout[4]/android.widget.LinearLayout","context":"","multiple":false}
&amp#27;[38;5;32m[AndroidUiautomator2Driver@5b50 (bee3a0b8)]&amp#27;[0m Got response with status 404: {"sessionId":"85ad228a-5bfc-4075-9704-3b374344e125","value":{"error":"no such element","message":"An element could not be located on the page using the given search parameters","stacktrace":"io.appium.uiautomator2.common.exceptions.ElementNotFoundException: An element could not be located on the page using the given search parameters\n\tat io.appium.uiautomator2.utils.ElementLocationHelpers.findElement(ElementLocationHelpers.java:156)\n\tat io.appium.uiautomator2.handler.FindElement.safeHandle(FindElement.java:60)\n\tat io.appium.uiautomator2.handler.request.SafeRequestHandler.handle(SafeRequestHandler.java:59)\n\tat io.appium.uiautomator2.server.AppiumServlet.handleRequest(AppiumServlet.java:259)\n\tat io.appium.uiautomator2.server.AppiumServlet.handleHttpRequest(AppiumServlet.java:253)\n\tat io.appium.uiautomator2.http.ServerHandler.channelRead(ServerHandler.java:77)\n\tat io.netty.channel.AbstractChannelHandlerContext.invokeChannelRead(AbstractChannelHandlerContext.java:366)\n\tat io.netty.channel.Abstr...
[debug] &amp#27;[38;5;112m[W3C]&amp#27;[0m Matched W3C error code 'no such element' to NoSuchElementError
[debug] &amp#27;[38;5;32m[AndroidUiautomator2Driver@5b50 (bee3a0b8)]&amp#27;[0m Waited for 6858 ms so far
[debug] &amp#27;[38;5;32m[AndroidUiautomator2Driver@5b50 (bee3a0b8)]&amp#27;[0m Matched '/element' to command name 'findElement'
[debug] &amp#27;[38;5;32m[AndroidUiautomator2Driver@5b50 (bee3a0b8)]&amp#27;[0m Proxying [POST /element] to [POST http://127.0.0.1:8200/session/85ad228a-5bfc-4075-9704-3b374344e125/element] with body: {"strategy":"xpath","selector":"//android.support.v7.widget.RecyclerView[@resource-id='com.androidsample.generalstore:id/rvCartProductList']/android.widget.RelativeLayout[4]/android.widget.LinearLayout","context":"","multiple":false}
&amp#27;[38;5;32m[AndroidUiautomator2Driver@5b50 (bee3a0b8)]&amp#27;[0m Got response with status 404: {"sessionId":"85ad228a-5bfc-4075-9704-3b374344e125","value":{"error":"no such element","message":"An element could not be located on the page using the given search parameters","stacktrace":"io.appium.uiautomator2.common.exceptions.ElementNotFoundException: An element could not be located on the page using the given search parameters\n\tat io.appium.uiautomator2.utils.ElementLocationHelpers.findElement(ElementLocationHelpers.java:156)\n\tat io.appium.uiautomator2.handler.FindElement.safeHandle(FindElement.java:60)\n\tat io.appium.uiautomator2.handler.request.SafeRequestHandler.handle(SafeRequestHandler.java:59)\n\tat io.appium.uiautomator2.server.AppiumServlet.handleRequest(AppiumServlet.java:259)\n\tat io.appium.uiautomator2.server.AppiumServlet.handleHttpRequest(AppiumServlet.java:253)\n\tat io.appium.uiautomator2.http.ServerHandler.channelRead(ServerHandler.java:77)\n\tat io.netty.channel.AbstractChannelHandlerContext.invokeChannelRead(AbstractChannelHandlerContext.java:366)\n\tat io.netty.channel.Abstr...
[debug] &amp#27;[38;5;112m[W3C]&amp#27;[0m Matched W3C error code 'no such element' to NoSuchElementError
[debug] &amp#27;[38;5;32m[AndroidUiautomator2Driver@5b50 (bee3a0b8)]&amp#27;[0m Waited for 7660 ms so far
[debug] &amp#27;[38;5;32m[AndroidUiautomator2Driver@5b50 (bee3a0b8)]&amp#27;[0m Matched '/element' to command name 'findElement'
[debug] &amp#27;[38;5;32m[AndroidUiautomator2Driver@5b50 (bee3a0b8)]&amp#27;[0m Proxying [POST /element] to [POST http://127.0.0.1:8200/session/85ad228a-5bfc-4075-9704-3b374344e125/element] with body: {"strategy":"xpath","selector":"//android.support.v7.widget.RecyclerView[@resource-id='com.androidsample.generalstore:id/rvCartProductList']/android.widget.RelativeLayout[4]/android.widget.LinearLayout","context":"","multiple":false}
&amp#27;[38;5;32m[AndroidUiautomator2Driver@5b50 (bee3a0b8)]&amp#27;[0m Got response with status 404: {"sessionId":"85ad228a-5bfc-4075-9704-3b374344e125","value":{"error":"no such element","message":"An element could not be located on the page using the given search parameters","stacktrace":"io.appium.uiautomator2.common.exceptions.ElementNotFoundException: An element could not be located on the page using the given search parameters\n\tat io.appium.uiautomator2.utils.ElementLocationHelpers.findElement(ElementLocationHelpers.java:156)\n\tat io.appium.uiautomator2.handler.FindElement.safeHandle(FindElement.java:60)\n\tat io.appium.uiautomator2.handler.request.SafeRequestHandler.handle(SafeRequestHandler.java:59)\n\tat io.appium.uiautomator2.server.AppiumServlet.handleRequest(AppiumServlet.java:259)\n\tat io.appium.uiautomator2.server.AppiumServlet.handleHttpRequest(AppiumServlet.java:253)\n\tat io.appium.uiautomator2.http.ServerHandler.channelRead(ServerHandler.java:77)\n\tat io.netty.channel.AbstractChannelHandlerContext.invokeChannelRead(AbstractChannelHandlerContext.java:366)\n\tat io.netty.channel.Abstr...
[debug] &amp#27;[38;5;112m[W3C]&amp#27;[0m Matched W3C error code 'no such element' to NoSuchElementError
[debug] &amp#27;[38;5;32m[AndroidUiautomator2Driver@5b50 (bee3a0b8)]&amp#27;[0m Waited for 8512 ms so far
&amp#27;[38;5;0m[HTTP]&amp#27;[0m &amp#27;[37m-->&amp#27;[39m &amp#27;[37mGET&amp#27;[39m &amp#27;[37m/session/d1b0e0a1-56d3-45bc-afb5-4d50d9cfc78e/timeouts&amp#27;[39m
&amp#27;[38;5;0m[HTTP]&amp#27;[0m &amp#27;[90m{}&amp#27;[39m
[debug] &amp#27;[38;5;16m[AppiumDriver@9e2d]&amp#27;[0m Encountered internal error running command: NoSuchDriverError: A session is either terminated or not started
[debug] &amp#27;[38;5;16m[AppiumDriver@9e2d]&amp#27;[0m     at asyncHandler (C:\Users\TOPINFORMATIQUE\AppData\Roaming\npm\node_modules\appium\node_modules\@appium\base-driver\lib\protocol\protocol.js:315:15)
[debug] &amp#27;[38;5;16m[AppiumDriver@9e2d]&amp#27;[0m     at C:\Users\TOPINFORMATIQUE\AppData\Roaming\npm\node_modules\appium\node_modules\@appium\base-driver\lib\protocol\protocol.js:518:15
[debug] &amp#27;[38;5;16m[AppiumDriver@9e2d]&amp#27;[0m     at Layer.handle [as handle_request] (C:\Users\TOPINFORMATIQUE\AppData\Roaming\npm\node_modules\appium\node_modules\express\lib\router\layer.js:95:5)
[debug] &amp#27;[38;5;16m[AppiumDriver@9e2d]&amp#27;[0m     at next (C:\Users\TOPINFORMATIQUE\AppData\Roaming\npm\node_modules\appium\node_modules\express\lib\router\route.js:144:13)
[debug] &amp#27;[38;5;16m[AppiumDriver@9e2d]&amp#27;[0m     at Route.dispatch (C:\Users\TOPINFORMATIQUE\AppData\Roaming\npm\node_modules\appium\node_modules\express\lib\router\route.js:114:3)
[debug] &amp#27;[38;5;16m[AppiumDriver@9e2d]&amp#27;[0m     at Layer.handle [as handle_request] (C:\Users\TOPINFORMATIQUE\AppData\Roaming\npm\node_modules\appium\node_modules\express\lib\router\layer.js:95:5)
[debug] &amp#27;[38;5;16m[AppiumDriver@9e2d]&amp#27;[0m     at C:\Users\TOPINFORMATIQUE\AppData\Roaming\npm\node_modules\appium\node_modules\express\lib\router\index.js:284:15
[debug] &amp#27;[38;5;16m[AppiumDriver@9e2d]&amp#27;[0m     at param (C:\Users\TOPINFORMATIQUE\AppData\Roaming\npm\node_modules\appium\node_modules\express\lib\router\index.js:365:14)
[debug] &amp#27;[38;5;16m[AppiumDriver@9e2d]&amp#27;[0m     at param (C:\Users\TOPINFORMATIQUE\AppData\Roaming\npm\node_modules\appium\node_modules\express\lib\router\index.js:376:14)
[debug] &amp#27;[38;5;16m[AppiumDriver@9e2d]&amp#27;[0m     at Function.process_params (C:\Users\TOPINFORMATIQUE\AppData\Roaming\npm\node_modules\appium\node_modules\express\lib\router\index.js:421:3)
[debug] &amp#27;[38;5;16m[AppiumDriver@9e2d]&amp#27;[0m     at next (C:\Users\TOPINFORMATIQUE\AppData\Roaming\npm\node_modules\appium\node_modules\express\lib\router\index.js:280:10)
[debug] &amp#27;[38;5;16m[AppiumDriver@9e2d]&amp#27;[0m     at logger (C:\Users\TOPINFORMATIQUE\AppData\Roaming\npm\node_modules\appium\node_modules\morgan\index.js:144:5)
[debug] &amp#27;[38;5;16m[AppiumDriver@9e2d]&amp#27;[0m     at Layer.handle [as handle_request] (C:\Users\TOPINFORMATIQUE\AppData\Roaming\npm\node_modules\appium\node_modules\express\lib\router\layer.js:95:5)
[debug] &amp#27;[38;5;16m[AppiumDriver@9e2d]&amp#27;[0m     at trim_prefix (C:\Users\TOPINFORMATIQUE\AppData\Roaming\npm\node_modules\appium\node_modules\express\lib\router\index.js:328:13)
[debug] &amp#27;[38;5;16m[AppiumDriver@9e2d]&amp#27;[0m     at C:\Users\TOPINFORMATIQUE\AppData\Roaming\npm\node_modules\appium\node_modules\express\lib\router\index.js:286:9
[debug] &amp#27;[38;5;16m[AppiumDriver@9e2d]&amp#27;[0m     at Function.process_params (C:\Users\TOPINFORMATIQUE\AppData\Roaming\npm\node_modules\appium\node_modules\express\lib\router\index.js:346:12)
[debug] &amp#27;[38;5;16m[AppiumDriver@9e2d]&amp#27;[0m     at next (C:\Users\TOPINFORMATIQUE\AppData\Roaming\npm\node_modules\appium\node_modules\express\lib\router\index.js:280:10)
[debug] &amp#27;[38;5;16m[AppiumDriver@9e2d]&amp#27;[0m     at jsonParser (C:\Users\TOPINFORMATIQUE\AppData\Roaming\npm\node_modules\appium\node_modules\body-parser\lib\types\json.js:113:7)
[debug] &amp#27;[38;5;16m[AppiumDriver@9e2d]&amp#27;[0m     at Layer.handle [as handle_request] (C:\Users\TOPINFORMATIQUE\AppData\Roaming\npm\node_modules\appium\node_modules\express\lib\router\layer.js:95:5)
[debug] &amp#27;[38;5;16m[AppiumDriver@9e2d]&amp#27;[0m     at trim_prefix (C:\Users\TOPINFORMATIQUE\AppData\Roaming\npm\node_modules\appium\node_modules\express\lib\router\index.js:328:13)
[debug] &amp#27;[38;5;16m[AppiumDriver@9e2d]&amp#27;[0m     at C:\Users\TOPINFORMATIQUE\AppData\Roaming\npm\node_modules\appium\node_modules\express\lib\router\index.js:286:9
[debug] &amp#27;[38;5;16m[AppiumDriver@9e2d]&amp#27;[0m     at Function.process_params (C:\Users\TOPINFORMATIQUE\AppData\Roaming\npm\node_modules\appium\node_modules\express\lib\router\index.js:346:12)
&amp#27;[38;5;0m[HTTP]&amp#27;[0m &amp#27;[37m<-- GET /session/d1b0e0a1-56d3-45bc-afb5-4d50d9cfc78e/timeouts &amp#27;[39m&amp#27;[33m404&amp#27;[39m &amp#27;[90m15 ms - 3451&amp#27;[39m
&amp#27;[38;5;0m[HTTP]&amp#27;[0m &amp#27;[90m&amp#27;[39m
[debug] &amp#27;[38;5;32m[AndroidUiautomator2Driver@5b50 (bee3a0b8)]&amp#27;[0m Matched '/element' to command name 'findElement'
[debug] &amp#27;[38;5;32m[AndroidUiautomator2Driver@5b50 (bee3a0b8)]&amp#27;[0m Proxying [POST /element] to [POST http://127.0.0.1:8200/session/85ad228a-5bfc-4075-9704-3b374344e125/element] with body: {"strategy":"xpath","selector":"//android.support.v7.widget.RecyclerView[@resource-id='com.androidsample.generalstore:id/rvCartProductList']/android.widget.RelativeLayout[4]/android.widget.LinearLayout","context":"","multiple":false}
&amp#27;[38;5;32m[AndroidUiautomator2Driver@5b50 (bee3a0b8)]&amp#27;[0m Got response with status 404: {"sessionId":"85ad228a-5bfc-4075-9704-3b374344e125","value":{"error":"no such element","message":"An element could not be located on the page using the given search parameters","stacktrace":"io.appium.uiautomator2.common.exceptions.ElementNotFoundException: An element could not be located on the page using the given search parameters\n\tat io.appium.uiautomator2.utils.ElementLocationHelpers.findElement(ElementLocationHelpers.java:156)\n\tat io.appium.uiautomator2.handler.FindElement.safeHandle(FindElement.java:60)\n\tat io.appium.uiautomator2.handler.request.SafeRequestHandler.handle(SafeRequestHandler.java:59)\n\tat io.appium.uiautomator2.server.AppiumServlet.handleRequest(AppiumServlet.java:259)\n\tat io.appium.uiautomator2.server.AppiumServlet.handleHttpRequest(AppiumServlet.java:253)\n\tat io.appium.uiautomator2.http.ServerHandler.channelRead(ServerHandler.java:77)\n\tat io.netty.channel.AbstractChannelHandlerContext.invokeChannelRead(AbstractChannelHandlerContext.java:366)\n\tat io.netty.channel.Abstr...
[debug] &amp#27;[38;5;112m[W3C]&amp#27;[0m Matched W3C error code 'no such element' to NoSuchElementError
[debug] &amp#27;[38;5;32m[AndroidUiautomator2Driver@5b50 (bee3a0b8)]&amp#27;[0m Waited for 9229 ms so far
[debug] &amp#27;[38;5;32m[AndroidUiautomator2Driver@5b50 (bee3a0b8)]&amp#27;[0m Matched '/element' to command name 'findElement'
[debug] &amp#27;[38;5;32m[AndroidUiautomator2Driver@5b50 (bee3a0b8)]&amp#27;[0m Proxying [POST /element] to [POST http://127.0.0.1:8200/session/85ad228a-5bfc-4075-9704-3b374344e125/element] with body: {"strategy":"xpath","selector":"//android.support.v7.widget.RecyclerView[@resource-id='com.androidsample.generalstore:id/rvCartProductList']/android.widget.RelativeLayout[4]/android.widget.LinearLayout","context":"","multiple":false}
&amp#27;[38;5;32m[AndroidUiautomator2Driver@5b50 (bee3a0b8)]&amp#27;[0m Got response with status 404: {"sessionId":"85ad228a-5bfc-4075-9704-3b374344e125","value":{"error":"no such element","message":"An element could not be located on the page using the given search parameters","stacktrace":"io.appium.uiautomator2.common.exceptions.ElementNotFoundException: An element could not be located on the page using the given search parameters\n\tat io.appium.uiautomator2.utils.ElementLocationHelpers.findElement(ElementLocationHelpers.java:156)\n\tat io.appium.uiautomator2.handler.FindElement.safeHandle(FindElement.java:60)\n\tat io.appium.uiautomator2.handler.request.SafeRequestHandler.handle(SafeRequestHandler.java:59)\n\tat io.appium.uiautomator2.server.AppiumServlet.handleRequest(AppiumServlet.java:259)\n\tat io.appium.uiautomator2.server.AppiumServlet.handleHttpRequest(AppiumServlet.java:253)\n\tat io.appium.uiautomator2.http.ServerHandler.channelRead(ServerHandler.java:77)\n\tat io.netty.channel.AbstractChannelHandlerContext.invokeChannelRead(AbstractChannelHandlerContext.java:366)\n\tat io.netty.channel.Abstr...
[debug] &amp#27;[38;5;112m[W3C]&amp#27;[0m Matched W3C error code 'no such element' to NoSuchElementError
[debug] &amp#27;[38;5;32m[AndroidUiautomator2Driver@5b50 (bee3a0b8)]&amp#27;[0m Waited for 9914 ms so far
[debug] &amp#27;[38;5;32m[AndroidUiautomator2Driver@5b50 (bee3a0b8)]&amp#27;[0m Matched '/element' to command name 'findElement'
[debug] &amp#27;[38;5;32m[AndroidUiautomator2Driver@5b50 (bee3a0b8)]&amp#27;[0m Proxying [POST /element] to [POST http://127.0.0.1:8200/session/85ad228a-5bfc-4075-9704-3b374344e125/element] with body: {"strategy":"xpath","selector":"//android.support.v7.widget.RecyclerView[@resource-id='com.androidsample.generalstore:id/rvCartProductList']/android.widget.RelativeLayout[4]/android.widget.LinearLayout","context":"","multiple":false}
&amp#27;[38;5;32m[AndroidUiautomator2Driver@5b50 (bee3a0b8)]&amp#27;[0m Got response with status 404: {"sessionId":"85ad228a-5bfc-4075-9704-3b374344e125","value":{"error":"no such element","message":"An element could not be located on the page using the given search parameters","stacktrace":"io.appium.uiautomator2.common.exceptions.ElementNotFoundException: An element could not be located on the page using the given search parameters\n\tat io.appium.uiautomator2.utils.ElementLocationHelpers.findElement(ElementLocationHelpers.java:156)\n\tat io.appium.uiautomator2.handler.FindElement.safeHandle(FindElement.java:60)\n\tat io.appium.uiautomator2.handler.request.SafeRequestHandler.handle(SafeRequestHandler.java:59)\n\tat io.appium.uiautomator2.server.AppiumServlet.handleRequest(AppiumServlet.java:259)\n\tat io.appium.uiautomator2.server.AppiumServlet.handleHttpRequest(AppiumServlet.java:253)\n\tat io.appium.uiautomator2.http.ServerHandler.channelRead(ServerHandler.java:77)\n\tat io.netty.channel.AbstractChannelHandlerContext.invokeChannelRead(AbstractChannelHandlerContext.java:366)\n\tat io.netty.channel.Abstr...
[debug] &amp#27;[38;5;112m[W3C]&amp#27;[0m Matched W3C error code 'no such element' to NoSuchElementError
[debug] &amp#27;[38;5;32m[AndroidUiautomator2Driver@5b50 (bee3a0b8)]&amp#27;[0m Encountered internal error running command: NoSuchElementError: An element could not be located on the page using the given search parameters.
[debug] &amp#27;[38;5;32m[AndroidUiautomator2Driver@5b50 (bee3a0b8)]&amp#27;[0m     at AndroidUiautomator2Driver.findElOrEls (C:\Users\TOPINFORMATIQUE\.appium\node_modules\appium-uiautomator2-driver\node_modules\appium-android-driver\lib\commands\find.ts:86:11)
[debug] &amp#27;[38;5;32m[AndroidUiautomator2Driver@5b50 (bee3a0b8)]&amp#27;[0m     at processTicksAndRejections (node:internal/process/task_queues:95:5)
[debug] &amp#27;[38;5;32m[AndroidUiautomator2Driver@5b50 (bee3a0b8)]&amp#27;[0m     at AndroidUiautomator2Driver.findElOrElsWithProcessing (C:\Users\TOPINFORMATIQUE\AppData\Roaming\npm\node_modules\appium\node_modules\@appium\base-driver\lib\basedriver\commands\find.ts:60:12)
[debug] &amp#27;[38;5;32m[AndroidUiautomator2Driver@5b50 (bee3a0b8)]&amp#27;[0m     at AndroidUiautomator2Driver.findElement (C:\Users\TOPINFORMATIQUE\AppData\Roaming\npm\node_modules\appium\node_modules\@appium\base-driver\lib\basedriver\commands\find.ts:75:12)
&amp#27;[38;5;0m[HTTP]&amp#27;[0m &amp#27;[37m<-- POST /session/bee3a0b8-7433-4711-82cd-08ea2bd8fde8/element &amp#27;[39m&amp#27;[33m404&amp#27;[39m &amp#27;[90m10195 ms - 920&amp#27;[39m
&amp#27;[38;5;0m[HTTP]&amp#27;[0m &amp#27;[90m&amp#27;[39m
Number of items in the cart: 3
]]></system-out>
  </testcase>
</testsuite>