<?xml version="1.0" encoding="UTF-8"?>
<testng-results ignored="0" total="1" passed="1" failed="0" skipped="0">
  <reporter-output>
  </reporter-output>
  <suite started-at="2024-03-18T00:26:04 GMT+01:00" name="Suite" finished-at="2024-03-18T00:26:38 GMT+01:00" duration-ms="33707">
    <groups>
    </groups>
    <test started-at="2024-03-18T00:26:04 GMT+01:00" name="Test" finished-at="2024-03-18T00:26:38 GMT+01:00" duration-ms="33707">
      <class name="storeShopTest.SwipeDemo">
        <test-method is-config="true" signature="startAppiumServer()[pri:0, instance:storeShopTest.SwipeDemo@7a69b07]" started-at="2024-03-18T00:26:04 GMT+01:00" name="startAppiumServer" description="Starts the Appium server automatically and initializes the Android driver for testing" finished-at="2024-03-18T00:26:22 GMT+01:00" duration-ms="18189" status="PASS">
          <reporter-output>
          </reporter-output>
        </test-method> <!-- startAppiumServer -->
        <test-method signature="swipeTest()[pri:0, instance:storeShopTest.SwipeDemo@7a69b07]" started-at="2024-03-18T00:26:22 GMT+01:00" name="swipeTest" finished-at="2024-03-18T00:26:37 GMT+01:00" duration-ms="14464" status="PASS">
          <reporter-output>
          </reporter-output>
        </test-method> <!-- swipeTest -->
        <test-method is-config="true" signature="tearDown()[pri:0, instance:storeShopTest.SwipeDemo@7a69b07]" started-at="2024-03-18T00:26:37 GMT+01:00" name="tearDown" finished-at="2024-03-18T00:26:38 GMT+01:00" duration-ms="1010" status="PASS">
          <reporter-output>
          </reporter-output>
        </test-method> <!-- tearDown -->
      </class> <!-- storeShopTest.SwipeDemo -->
    </test> <!-- Test -->
  </suite> <!-- Suite -->
</testng-results>
