<?xml version="1.0" encoding="UTF-8"?>
<testng-results ignored="0" total="1" passed="1" failed="0" skipped="0">
  <reporter-output>
  </reporter-output>
  <suite started-at="2024-03-16T10:43:20 GMT+01:00" name="Default suite" finished-at="2024-03-16T10:44:34 GMT+01:00" duration-ms="73533">
    <groups>
    </groups>
    <test started-at="2024-03-16T10:43:20 GMT+01:00" name="Default test" finished-at="2024-03-16T10:44:34 GMT+01:00" duration-ms="73533">
      <class name="pagesTest.LongPress">
        <test-method is-config="true" signature="startAppiumServer()[pri:0, instance:pagesTest.LongPress@7714e963]" started-at="2024-03-16T10:43:20 GMT+01:00" name="startAppiumServer" description="Starts the Appium server automatically and initializes the Android driver for testing" finished-at="2024-03-16T10:44:13 GMT+01:00" duration-ms="52779" status="PASS">
          <reporter-output>
          </reporter-output>
        </test-method> <!-- startAppiumServer -->
        <test-method signature="longPressTest()[pri:0, instance:pagesTest.LongPress@7714e963]" started-at="2024-03-16T10:44:13 GMT+01:00" name="longPressTest" description="Perform a long press action on an element" finished-at="2024-03-16T10:44:31 GMT+01:00" duration-ms="17826" status="PASS">
          <reporter-output>
          </reporter-output>
        </test-method> <!-- longPressTest -->
        <test-method is-config="true" signature="tearDown()[pri:0, instance:pagesTest.LongPress@7714e963]" started-at="2024-03-16T10:44:31 GMT+01:00" name="tearDown" finished-at="2024-03-16T10:44:34 GMT+01:00" duration-ms="2867" status="PASS">
          <reporter-output>
          </reporter-output>
        </test-method> <!-- tearDown -->
      </class> <!-- pagesTest.LongPress -->
    </test> <!-- Default test -->
  </suite> <!-- Default suite -->
</testng-results>
